Log file open, 11/10/18 21:45:25
LogWindows: Failed to load 'aqProf.dll' (GetLastError=126)
LogWindows: File 'aqProf.dll' does not exist
LogWindows: Failed to load 'VtuneApi.dll' (GetLastError=126)
LogWindows: File 'VtuneApi.dll' does not exist
LogWindows: Failed to load 'VtuneApi32e.dll' (GetLastError=126)
LogWindows: File 'VtuneApi32e.dll' does not exist
LogInit: Display: Running engine for game: WhiteBoxForest
LogPlatformFile: Not using cached read wrapper
LogTaskGraph: Started task graph with 5 named threads and 23 total threads with 3 sets of task threads.
LogStats: Stats thread started at 0.292355
LogD3D11RHI: Loaded GFSDK_Aftermath_Lib.x64.dll
LogICUInternationalization: Display: ICU TimeZone Detection - Raw Offset: -7:00, Platform Override: ''
LogPluginManager: Mounting plugin Paper2D
LogPluginManager: Mounting plugin AISupport
LogPluginManager: Mounting plugin LightPropagationVolume
LogPluginManager: Mounting plugin CLionSourceCodeAccess
LogPluginManager: Mounting plugin CodeLiteSourceCodeAccess
LogPluginManager: Mounting plugin GitSourceControl
LogPluginManager: Mounting plugin KDevelopSourceCodeAccess
LogPluginManager: Mounting plugin NullSourceCodeAccess
LogPluginManager: Mounting plugin PerforceSourceControl
LogPluginManager: Mounting plugin SubversionSourceControl
LogPluginManager: Mounting plugin UObjectPlugin
LogPluginManager: Mounting plugin VisualStudioCodeSourceCodeAccess
LogPluginManager: Mounting plugin VisualStudioSourceCodeAccess
LogPluginManager: Mounting plugin XCodeSourceCodeAccess
LogPluginManager: Mounting plugin AssetManagerEditor
LogPluginManager: Mounting plugin CryptoKeys
LogPluginManager: Mounting plugin DataValidation
LogPluginManager: Mounting plugin FacialAnimation
LogPluginManager: Mounting plugin GameplayTagsEditor
LogPluginManager: Mounting plugin MacGraphicsSwitching
LogPluginManager: Mounting plugin MeshEditor
LogPluginManager: Mounting plugin MobileLauncherProfileWizard
LogPluginManager: Mounting plugin PluginBrowser
LogPluginManager: Mounting plugin SpeedTreeImporter
LogPluginManager: Mounting plugin DatasmithContent
LogPluginManager: Mounting plugin AlembicImporter
LogPluginManager: Mounting plugin AppleImageUtils
LogPluginManager: Mounting plugin AppleVision
LogPluginManager: Mounting plugin BackChannel
LogPluginManager: Mounting plugin CharacterAI
LogPluginManager: Mounting plugin GeometryCache
LogPluginManager: Mounting plugin HTML5Networking
LogPluginManager: Mounting plugin ProxyLODPlugin
LogPluginManager: Mounting plugin MagicLeap
LogPluginManager: Mounting plugin MagicLeapEmulator
LogPluginManager: Mounting plugin MagicLeapMedia
LogPluginManager: Mounting plugin AndroidMedia
LogPluginManager: Mounting plugin AvfMedia
LogPluginManager: Mounting plugin ImgMedia
LogPluginManager: Mounting plugin LinearTimecode
LogPluginManager: Mounting plugin MediaCompositing
LogPluginManager: Mounting plugin MediaPlayerEditor
LogPluginManager: Mounting plugin WmfMedia
LogPluginManager: Mounting plugin TcpMessaging
LogPluginManager: Mounting plugin UdpMessaging
LogPluginManager: Mounting plugin ActorSequence
LogPluginManager: Mounting plugin LevelSequenceEditor
LogPluginManager: Mounting plugin MatineeToLevelSequence
LogPluginManager: Mounting plugin NetcodeUnitTest
LogPluginManager: Mounting plugin NUTUnrealEngine4
LogPluginManager: Mounting plugin OnlineSubsystemGooglePlay
LogPluginManager: Mounting plugin OnlineSubsystemIOS
LogPluginManager: Mounting plugin OnlineSubsystem
LogPluginManager: Mounting plugin OnlineSubsystemNull
LogPluginManager: Mounting plugin OnlineSubsystemUtils
LogPluginManager: Mounting plugin LauncherChunkInstaller
LogPluginManager: Mounting plugin AndroidDeviceProfileSelector
LogPluginManager: Mounting plugin AndroidMoviePlayer
LogPluginManager: Mounting plugin AndroidPermission
LogPluginManager: Mounting plugin AppleMoviePlayer
LogPluginManager: Mounting plugin ArchVisCharacter
LogPluginManager: Mounting plugin AudioCapture
LogPluginManager: Mounting plugin CableComponent
LogPluginManager: Mounting plugin CustomMeshComponent
LogPluginManager: Mounting plugin EditableMesh
LogPluginManager: Mounting plugin ExampleDeviceProfileSelector
LogPluginManager: Mounting plugin GoogleCloudMessaging
LogPluginManager: Mounting plugin ImmediatePhysics
LogPluginManager: Mounting plugin IOSDeviceProfileSelector
LogPluginManager: Mounting plugin LinuxDeviceProfileSelector
LogPluginManager: Mounting plugin LocationServicesBPLibrary
LogPluginManager: Mounting plugin MobilePatchingUtils
LogPluginManager: Mounting plugin OculusVR
LogPluginManager: Plugin shader directory ../../../Engine/Plugins/Runtime/Oculus/OculusVR/Shaders found
LogPluginManager: Mapping shader source directory ../../../Engine/Plugins/Runtime/Oculus/OculusVR/Shaders to virtual directory /Plugin/OculusVR
LogPluginManager: Mounting plugin PhysXVehicles
LogPluginManager: Mounting plugin ProceduralMeshComponent
LogPluginManager: Mounting plugin RuntimePhysXCooking
LogPluginManager: Mounting plugin SteamVR
LogPluginManager: Mounting plugin WindowsMoviePlayer
LogStreaming: Display: Took  0.144s to configure plugins.
LogInit: Using libcurl 7.55.1-DEV
LogInit:  - built for x86_64-pc-win32
LogInit:  - supports SSL with OpenSSL/1.0.2h
LogInit:  - supports HTTP deflate (compression) using libz 1.2.8
LogInit:  - other features:
LogInit:      CURL_VERSION_SSL
LogInit:      CURL_VERSION_LIBZ
LogInit:      CURL_VERSION_IPV6
LogInit:      CURL_VERSION_ASYNCHDNS
LogInit:      CURL_VERSION_LARGEFILE
LogInit:      CURL_VERSION_IDN
LogInit:  CurlRequestOptions (configurable via config and command line):
LogInit:  - bVerifyPeer = false  - Libcurl will NOT verify peer certificate
LogInit:  - bUseHttpProxy = false  - Libcurl will NOT use HTTP proxy
LogInit:  - bDontReuseConnections = false  - Libcurl will reuse connections
LogInit:  - CertBundlePath = nullptr  - Libcurl will use whatever was configured at build time.
LogInit:  - MaxHostConnections = 16  - Libcurl will limit the number of connections to a host
LogInit:  - LocalHostAddr = Default
LogInit:  - BufferSize = 65536
LogInit: WinSock: version 1.1 (2.2), MaxSocks=32767, MaxUdp=65467
LogHMD: Failed initializing OVRPlugin 1.25.0
LogInit: Build: ++UE4+Release-4.20-CL-4369336
LogInit: Engine Version: 4.20.3-4369336+++UE4+Release-4.20
LogInit: Compatible Engine Version: 4.20.0-4212847+++UE4+Release-4.20
LogInit: Net CL: 4212847
LogInit: OS: Windows 10 (), CPU: Intel(R) Core(TM) i7-6700HQ CPU @ 2.60GHz, GPU: NVIDIA GeForce GTX 1060
LogInit: Compiled (64-bit): Sep 17 2018 12:26:19
LogInit: Compiled with Visual C++: 19.13.26129.00
LogInit: Build Configuration: Development
LogInit: Branch Name: ++UE4+Release-4.20
LogInit: Command Line: 
LogInit: Base Directory: D:/Unreal/UE_4.20/Engine/Binaries/Win64/
LogInit: Installed Engine Build: 1
LogDevObjectVersion: Number of dev versions registered: 20
LogDevObjectVersion:   Dev-Blueprints (B0D832E4-1F89-4F0D-ACCF-7EB736FD4AA2): 10
LogDevObjectVersion:   Dev-Build (E1C64328-A22C-4D53-A36C-8E866417BD8C): 0
LogDevObjectVersion:   Dev-Core (375EC13C-06E4-48FB-B500-84F0262A717E): 2
LogDevObjectVersion:   Dev-Editor (E4B068ED-F494-42E9-A231-DA0B2E46BB41): 24
LogDevObjectVersion:   Dev-Framework (CFFC743F-43B0-4480-9391-14DF171D2073): 34
LogDevObjectVersion:   Dev-Mobile (B02B49B5-BB20-44E9-A304-32B752E40360): 2
LogDevObjectVersion:   Dev-Networking (A4E4105C-59A1-49B5-A7C5-40C4547EDFEE): 0
LogDevObjectVersion:   Dev-Online (39C831C9-5AE6-47DC-9A44-9C173E1C8E7C): 0
LogDevObjectVersion:   Dev-Physics (78F01B33-EBEA-4F98-B9B4-84EACCB95AA2): 0
LogDevObjectVersion:   Dev-Platform (6631380F-2D4D-43E0-8009-CF276956A95A): 0
LogDevObjectVersion:   Dev-Rendering (12F88B9F-8875-4AFC-A67C-D90C383ABD29): 26
LogDevObjectVersion:   Dev-Sequencer (7B5AE74C-D270-4C10-A958-57980B212A5A): 9
LogDevObjectVersion:   Dev-VR (D7296918-1DD6-4BDD-9DE2-64A83CC13884): 2
LogDevObjectVersion:   Dev-LoadTimes (C2A15278-BFE7-4AFE-6C17-90FF531DF755): 1
LogDevObjectVersion:   Private-Geometry (6EACA3D4-40EC-4CC1-B786-8BED09428FC5): 3
LogDevObjectVersion:   Dev-AnimPhys (29E575DD-E0A3-4627-9D10-D276232CDCEA): 17
LogDevObjectVersion:   Dev-ReflectionCapture (6B266CEC-1EC7-4B8F-A30B-E4D90942FC07): 1
LogDevObjectVersion:   Dev-Automation (0DF73D61-A23F-47EA-B727-89E90C41499A): 1
LogDevObjectVersion:   FortniteMain (601D1886-AC64-4F84-AA16-D3DE0DEAC7D6): 12
LogDevObjectVersion:   Dev-Enterprise (9DFFBCD6-494F-0158-E221-12823C92A888): 1
LogStreaming: Display: Took  0.001s to delete old logs.
LogInit: Presizing for max 8388607 objects, including 0 objects not considered by GC, pre-allocating 0 bytes for permanent pool.
LogInit: Object subsystem initialized
[2018.11.11-04.45.26:801][  0]LogInit: Selected Device Profile: [Windows]
[2018.11.11-04.45.26:801][  0]LogInit: Applying CVar settings loaded from the selected device profile: [Windows]
[2018.11.11-04.45.26:815][  0]LogHAL: Display: Platform has ~ 32 GB [34313523200 / 34359738368 / 32], which maps to Largest [LargestMinGB=32, LargerMinGB=12, DefaultMinGB=8, SmallerMinGB=6, SmallestMinGB=0)
[2018.11.11-04.45.26:815][  0]LogInit: Setting Device Profile CVar: [[r.Vulkan.UseRealUBs:1]]
[2018.11.11-04.45.26:815][  0]LogInit: Going up to parent DeviceProfile []
[2018.11.11-04.45.26:816][  0]LogInit: Computer: BRYANS-PC
[2018.11.11-04.45.26:816][  0]LogInit: User: Bryan
[2018.11.11-04.45.26:816][  0]LogInit: CPU Page size=4096, Cores=4
[2018.11.11-04.45.26:816][  0]LogInit: High frequency timer resolution =2.531252 MHz
[2018.11.11-04.45.26:816][  0]LogMemory: Memory total: Physical=32.0GB (32GB approx)
[2018.11.11-04.45.26:816][  0]LogMemory: Platform Memory Stats for Windows
[2018.11.11-04.45.26:816][  0]LogMemory: Process Physical Memory: 101.82 MB used, 101.82 MB peak
[2018.11.11-04.45.26:816][  0]LogMemory: Process Virtual Memory: 94.35 MB used, 94.35 MB peak
[2018.11.11-04.45.26:816][  0]LogMemory: Physical Memory: 7863.18 MB used,  24860.74 MB free, 32723.93 MB total
[2018.11.11-04.45.26:816][  0]LogMemory: Virtual Memory: 4655.29 MB used,  24860.74 MB free, 134217728.00 MB total
[2018.11.11-04.45.26:841][  0]LogInit: Using OS detected language (en-US).
[2018.11.11-04.45.26:841][  0]LogInit: Using OS detected locale (en-US).
[2018.11.11-04.45.26:842][  0]LogTextLocalizationManager: No specific localization for 'en-US' exists, so the 'en' localization will be used.
[2018.11.11-04.45.27:236][  0]LogStreaming: Display: Took  0.396s to InitEngineTextLocalization.
[2018.11.11-04.45.27:236][  0]LogInit: Setting process to per monitor DPI aware
[2018.11.11-04.45.27:283][  0]LogSlate: New Slate User Created.  User Index 0, Is Virtual User: 0
[2018.11.11-04.45.27:283][  0]LogSlate: Slate User Registered.  User Index 0, Is Virtual User: 0
[2018.11.11-04.45.27:647][  0]LogHMD: Failed to initialize OpenVR with code 126
[2018.11.11-04.45.27:647][  0]LogD3D11RHI: D3D11 adapters:
[2018.11.11-04.45.27:724][  0]LogD3D11RHI:    0. 'NVIDIA GeForce GTX 1060' (Feature Level 11_0)
[2018.11.11-04.45.27:724][  0]LogD3D11RHI:       6052/0/16361 MB DedicatedVideo/DedicatedSystem/SharedSystem, Outputs:2, VendorId:0x10de
[2018.11.11-04.45.27:726][  0]LogD3D11RHI:    1. 'Microsoft Basic Render Driver' (Feature Level 11_0)
[2018.11.11-04.45.27:726][  0]LogD3D11RHI:       0/0/16361 MB DedicatedVideo/DedicatedSystem/SharedSystem, Outputs:0, VendorId:0x1414
[2018.11.11-04.45.27:726][  0]LogD3D11RHI: Chosen D3D11 Adapter: 0
[2018.11.11-04.45.27:735][  0]LogD3D11RHI: Creating new Direct3DDevice
[2018.11.11-04.45.27:735][  0]LogD3D11RHI:     GPU DeviceId: 0x1c60 (for the marketing name, search the web for "GPU Device Id")
[2018.11.11-04.45.27:735][  0]LogWindows: EnumDisplayDevices:
[2018.11.11-04.45.27:735][  0]LogWindows:    0. 'NVIDIA GeForce GTX 1060' (P:1 D:1)
[2018.11.11-04.45.27:736][  0]LogWindows:    1. 'NVIDIA GeForce GTX 1060' (P:0 D:1)
[2018.11.11-04.45.27:736][  0]LogWindows:    2. 'NVIDIA GeForce GTX 1060' (P:0 D:0)
[2018.11.11-04.45.27:736][  0]LogWindows:    3. 'NVIDIA GeForce GTX 1060' (P:0 D:0)
[2018.11.11-04.45.27:736][  0]LogWindows: DebugString: FoundDriverCount:4 
[2018.11.11-04.45.27:736][  0]LogD3D11RHI:     Adapter Name: NVIDIA GeForce GTX 1060
[2018.11.11-04.45.27:736][  0]LogD3D11RHI:   Driver Version: 416.34 (internal:25.21.14.1634, unified:416.34)
[2018.11.11-04.45.27:736][  0]LogD3D11RHI:      Driver Date: 10-10-2018
[2018.11.11-04.45.27:736][  0]LogRHI: Texture pool is 4236 MB (70% of 6052 MB)
[2018.11.11-04.45.27:785][  0]LogD3D11RHI: Async texture creation enabled
[2018.11.11-04.45.27:817][  0]LogD3D11RHI: GPU Timing Frequency: 1000.000000 (Debug: 2 2)
[2018.11.11-04.45.27:911][  0]LogShaderCompilers: Guid format shader working directory is -3 characters bigger than the processId version (../../../../../PaintBrushMachiname/MagicPaintbrush/Intermediate/Shaders/WorkingDirectory/228/).
[2018.11.11-04.45.27:911][  0]LogShaderCompilers: Cleaned the shader compiler working directory 'C:/Users/Bryan/AppData/Local/Temp/UnrealShaderWorkingDir/46CFB60046D671C607FB5E867BFBF9D5/'.
[2018.11.11-04.45.28:220][  0]LogTemp: Display: Loaded TP AllDesktopTargetPlatform
[2018.11.11-04.45.28:234][  0]LogTemp: Display: Loaded TP MacClientTargetPlatform
[2018.11.11-04.45.28:247][  0]LogTemp: Display: Loaded TP MacNoEditorTargetPlatform
[2018.11.11-04.45.28:259][  0]LogTemp: Display: Loaded TP MacServerTargetPlatform
[2018.11.11-04.45.28:274][  0]LogTemp: Display: Loaded TP MacTargetPlatform
[2018.11.11-04.45.28:287][  0]LogTemp: Display: Loaded TP WindowsClientTargetPlatform
[2018.11.11-04.45.28:300][  0]LogTemp: Display: Loaded TP WindowsNoEditorTargetPlatform
[2018.11.11-04.45.28:313][  0]LogTemp: Display: Loaded TP WindowsServerTargetPlatform
[2018.11.11-04.45.28:319][  0]LogTemp: Display: Loaded TP WindowsTargetPlatform
[2018.11.11-04.45.28:396][  0]LogTemp: Display: Loaded TP AndroidTargetPlatform
[2018.11.11-04.45.28:396][  0]LogTemp: Display: Loaded TP AndroidTargetPlatform
[2018.11.11-04.45.28:396][  0]LogTemp: Display: Loaded TP AndroidTargetPlatform
[2018.11.11-04.45.28:396][  0]LogTemp: Display: Loaded TP AndroidTargetPlatform
[2018.11.11-04.45.28:396][  0]LogTemp: Display: Loaded TP AndroidTargetPlatform
[2018.11.11-04.45.28:396][  0]LogTemp: Display: Loaded TP AndroidTargetPlatform
[2018.11.11-04.45.28:396][  0]LogTemp: Display: Loaded TP AndroidTargetPlatform
[2018.11.11-04.45.28:397][  0]LogTemp: Display: Loaded TP AndroidTargetPlatform
[2018.11.11-04.45.28:397][  0]LogTemp: Display: Loaded TP AndroidTargetPlatform
[2018.11.11-04.45.28:397][  0]LogTemp: Display: Loaded TP AndroidTargetPlatform
[2018.11.11-04.45.28:397][  0]LogTemp: Display: Loaded TP AndroidTargetPlatform
[2018.11.11-04.45.28:397][  0]LogTemp: Display: Loaded TP AndroidTargetPlatform
[2018.11.11-04.45.28:397][  0]LogTemp: Display: Loaded TP AndroidTargetPlatform
[2018.11.11-04.45.28:397][  0]LogTemp: Display: Loaded TP AndroidTargetPlatform
[2018.11.11-04.45.28:397][  0]LogTemp: Display: Loaded TP AndroidTargetPlatform
[2018.11.11-04.45.28:397][  0]LogTemp: Display: Loaded TP AndroidTargetPlatform
[2018.11.11-04.45.28:397][  0]LogTemp: Display: Loaded TP AndroidTargetPlatform
[2018.11.11-04.45.28:397][  0]LogTemp: Display: Loaded TP AndroidTargetPlatform
[2018.11.11-04.45.28:398][  0]LogTemp: Display: Loaded TP HTML5TargetPlatform
[2018.11.11-04.45.28:459][  0]LogTemp: Display: Loaded TP IOSTargetPlatform
[2018.11.11-04.45.28:459][  0]LogTemp: Display: Loaded TP IOSTargetPlatform
[2018.11.11-04.45.28:484][  0]LogTemp: Display: Loaded TP TVOSTargetPlatform
[2018.11.11-04.45.28:484][  0]LogTemp: Display: Loaded TP TVOSTargetPlatform
[2018.11.11-04.45.28:497][  0]LogTemp: Display: Loaded TP LinuxClientTargetPlatform
[2018.11.11-04.45.28:511][  0]LogTemp: Display: Loaded TP LinuxNoEditorTargetPlatform
[2018.11.11-04.45.28:524][  0]LogTemp: Display: Loaded TP LinuxServerTargetPlatform
[2018.11.11-04.45.28:538][  0]LogTemp: Display: Loaded TP LinuxTargetPlatform
[2018.11.11-04.45.28:547][  0]LogTemp: Display: Loaded TP LuminTargetPlatform
[2018.11.11-04.45.28:547][  0]LogTargetPlatformManager: Display: Building Assets For Windows
[2018.11.11-04.45.28:601][  0]LogXGEController: Cannot use XGE Controller as Incredibuild is not installed on this machine.
[2018.11.11-04.45.28:601][  0]LogShaderCompilers: Cannot use XGE Shader Compiler as Incredibuild is not installed on this machine.
[2018.11.11-04.45.28:601][  0]LogShaderCompilers: Display: Using Local Shader Compiler.
[2018.11.11-04.45.29:375][  0]LogDerivedDataCache: Display: Max Cache Size: 512 MB
[2018.11.11-04.45.29:432][  0]LogDerivedDataCache: Loaded boot cache 0.06s 71MB C:/Users/Bryan/AppData/Local/UnrealEngine/4.20/DerivedDataCache/Boot.ddc.
[2018.11.11-04.45.29:433][  0]LogDerivedDataCache: Display: Loaded Boot cache: C:/Users/Bryan/AppData/Local/UnrealEngine/4.20/DerivedDataCache/Boot.ddc
[2018.11.11-04.45.29:433][  0]LogDerivedDataCache: FDerivedDataBackendGraph:  Pak pak cache file ../../../../../PaintBrushMachiname/MagicPaintbrush/DerivedDataCache/DDC.ddp not found, will not use a pak cache.
[2018.11.11-04.45.29:433][  0]LogDerivedDataCache: Unable to find inner node Pak for hierarchical cache Hierarchy.
[2018.11.11-04.45.29:433][  0]LogDerivedDataCache: FDerivedDataBackendGraph:  CompressedPak pak cache file ../../../../../PaintBrushMachiname/MagicPaintbrush/DerivedDataCache/Compressed.ddp not found, will not use a pak cache.
[2018.11.11-04.45.29:433][  0]LogDerivedDataCache: Unable to find inner node CompressedPak for hierarchical cache Hierarchy.
[2018.11.11-04.45.29:447][  0]LogDerivedDataCache: Display: Pak cache opened for reading ../../../Engine/DerivedDataCache/Compressed.ddp.
[2018.11.11-04.45.29:460][  0]LogDerivedDataCache: Using Local data cache path C:/Users/Bryan/AppData/Local/UnrealEngine/Common/DerivedDataCache: Writable
[2018.11.11-04.45.29:460][  0]LogDerivedDataCache: Shared data cache path not found in *engine.ini, will not use an Shared cache.
[2018.11.11-04.45.29:460][  0]LogDerivedDataCache: Unable to find inner node Shared for hierarchical cache Hierarchy.
[2018.11.11-04.45.29:482][  0]LogMaterial: Verifying Global Shaders for PCD3D_SM5
[2018.11.11-04.45.29:484][  0]LogSlate: Using FreeType 2.6.0
[2018.11.11-04.45.29:484][  0]LogSlate: SlateFontServices - WITH_FREETYPE: 1, WITH_HARFBUZZ: 1
[2018.11.11-04.45.29:578][  0]LogAssetRegistry: FAssetRegistry took 0.0266 seconds to start up
[2018.11.11-04.45.29:918][  0]LogInit: Selected Device Profile: [Windows]
[2018.11.11-04.45.30:062][  0]LogSimplygon: Simplygon DLL not present - disabling.
[2018.11.11-04.45.30:065][  0]LogMeshReduction: Using SimplygonSwarm for distributed automatic mesh merging
[2018.11.11-04.45.30:065][  0]LogMeshReduction: Using ProxyLODMeshReduction for automatic mesh merging
[2018.11.11-04.45.30:066][  0]LogMeshReduction: Using QuadricMeshReduction for automatic static mesh reduction
[2018.11.11-04.45.30:066][  0]LogMeshReduction: No automatic skeletal mesh reduction module available
[2018.11.11-04.45.30:090][  0]LogNetVersion: WhiteBoxForest 1.0.0, NetCL: 4212847, EngineNetVer: 5, GameNetVer: 0 (Checksum: 1631238348)
[2018.11.11-04.45.30:634][  0]LogPackageLocalizationCache: Processed 11 localized package path(s) for 2 prioritized culture(s) in 0.113776 seconds
[2018.11.11-04.45.30:641][  0]LogUObjectArray: 38425 objects as part of root set at end of initial load.
[2018.11.11-04.45.30:641][  0]LogUObjectAllocator: 6690864 out of 0 bytes used by permanent object pool.
[2018.11.11-04.45.30:641][  0]LogUObjectArray: CloseDisregardForGC: 0/0 objects in disregard for GC pool
[2018.11.11-04.45.31:685][  0]LogTcpMessaging: Initializing TcpMessaging bridge
[2018.11.11-04.45.31:698][  0]LogUdpMessaging: Initializing bridge on interface 0.0.0.0:0 to multicast group 230.0.0.1:6666.
[2018.11.11-04.45.31:852][  0]SourceControl: Source control is disabled
[2018.11.11-04.45.31:852][  0]SourceControl: Source control is disabled
[2018.11.11-04.45.31:853][  0]SourceControl: Source control is disabled
[2018.11.11-04.45.31:854][  0]SourceControl: Source control is disabled
[2018.11.11-04.45.32:023][  0]LogAndroidPermission: UAndroidPermissionCallbackProxy::GetInstance
[2018.11.11-04.45.32:128][  0]LogOcInput: OculusInput pre-init called
[2018.11.11-04.45.32:192][  0]LogEngine: Initializing Engine...
[2018.11.11-04.45.32:217][  0]LogHMD: Failed to initialize OpenVR with code 126
[2018.11.11-04.45.32:218][  0]LogStats: UGameplayTagsManager::ConstructGameplayTagTree: ImportINI prefixes -  0.000 s
[2018.11.11-04.45.32:218][  0]LogStats: UGameplayTagsManager::ConstructGameplayTagTree: Construct from data asset -  0.000 s
[2018.11.11-04.45.32:218][  0]LogStats: UGameplayTagsManager::ConstructGameplayTagTree: ImportINI -  0.000 s
[2018.11.11-04.45.32:218][  0]LogStats: UGameplayTagsManager::ConstructGameplayTagTree: GameplayTagTreeChangedEvent.Broadcast -  0.000 s
[2018.11.11-04.45.32:445][  0]LogInit: Initializing FReadOnlyCVARCache
[2018.11.11-04.45.32:457][  0]LogAIModule: Creating AISystem for world Untitled
[2018.11.11-04.45.32:492][  0]LogInit: XAudio2 using 'Speakers (Realtek High Definition Audio)' : 2 channels at 48 kHz using 32 bits per sample (channel mask 0x3)
[2018.11.11-04.45.32:576][  0]LogInit: FAudioDevice initialized.
[2018.11.11-04.45.32:576][  0]LogNetVersion: Set ProjectVersion to 1.0.0.0. Version Checksum will be recalculated on next use.
[2018.11.11-04.45.32:627][  0]LogDerivedDataCache: Saved boot cache 0.05s 71MB C:/Users/Bryan/AppData/Local/UnrealEngine/4.20/DerivedDataCache/Boot.ddc.
[2018.11.11-04.45.32:640][  0]LogInit: Texture streaming: Enabled
[2018.11.11-04.45.32:653][  0]LogEngineSessionManager: EngineSessionManager initialized
[2018.11.11-04.45.32:667][  0]LogInit: Transaction tracking system initialized
[2018.11.11-04.45.32:686][  0]BlueprintLog: New page: Editor Load
[2018.11.11-04.45.32:751][  0]LocalizationService: Localization service is disabled
[2018.11.11-04.45.33:109][  0]LogCook: Display: Max memory allowance for cook 16384mb min free memory 0mb
[2018.11.11-04.45.33:109][  0]LogCook: Display: Mobile HDR setting 1
[2018.11.11-04.45.33:109][  0]LogGameplayTags: Display: UGameplayTagsManager::DoneAddingNativeTags. DelegateIsBound: 0
[2018.11.11-04.45.33:109][  0]LogStats: UGameplayTagsManager::ConstructGameplayTagTree: ImportINI prefixes -  0.000 s
[2018.11.11-04.45.33:109][  0]LogStats: UGameplayTagsManager::ConstructGameplayTagTree: Construct from data asset -  0.000 s
[2018.11.11-04.45.33:109][  0]LogStats: UGameplayTagsManager::ConstructGameplayTagTree: ImportINI -  0.000 s
[2018.11.11-04.45.33:109][  0]LogStats: UGameplayTagsManager::ConstructGameplayTagTree: GameplayTagTreeChangedEvent.Broadcast -  0.000 s
[2018.11.11-04.45.33:227][  0]LogFileCache: Scanning file cache for directory 'D:/PaintBrushMachiname/MagicPaintbrush/Content/' took 0.03s
[2018.11.11-04.45.33:227][  0]SourceControl: Source control is disabled
[2018.11.11-04.45.33:227][  0]Cmd: MAP LOAD FILE="../../../Engine/Content/Maps/Templates/Template_Default.umap" TEMPLATE=1 SHOWPROGRESS=1 FEATURELEVEL=3
[2018.11.11-04.45.33:227][  0]LightingResults: New page: Lighting Build
[2018.11.11-04.45.33:229][  0]MapCheck: New page: Map Check
[2018.11.11-04.45.33:230][  0]LightingResults: New page: Lighting Build
[2018.11.11-04.45.33:396][  0]LogAIModule: Creating AISystem for world Untitled_1
[2018.11.11-04.45.33:406][  0]LogEditorServer: Finished looking for orphan Actors (0.000 secs)
[2018.11.11-04.45.33:430][  0]Cmd: MAP CHECKDEP NOCLEARLOG
[2018.11.11-04.45.33:501][  0]MapCheck: Map check complete: 0 Error(s), 0 Warning(s), took 70.204ms to complete.
[2018.11.11-04.45.33:501][  0]LogFileHelpers: Loading map 'Template_Default' took 0.274
[2018.11.11-04.45.33:633][  0]LogSlate: Updating window title bar state: overlay mode, drag disabled, window buttons hidden, title bar hidden
[2018.11.11-04.45.33:642][  0]LogSlate: Updating window title bar state: overlay mode, drag disabled, window buttons hidden, title bar hidden
[2018.11.11-04.45.33:651][  0]LogSlate: Updating window title bar state: overlay mode, drag disabled, window buttons hidden, title bar hidden
[2018.11.11-04.45.33:661][  0]LogSlate: Updating window title bar state: overlay mode, drag disabled, window buttons hidden, title bar hidden
[2018.11.11-04.45.33:668][  0]LogCollectionManager: Loaded 0 collections in 0.001124 seconds
[2018.11.11-04.45.33:718][  0]LogFileCache: Scanning file cache for directory 'D:/PaintBrushMachiname/MagicPaintbrush/Saved/Collections/' took 0.01s
[2018.11.11-04.45.33:718][  0]LogFileCache: Scanning file cache for directory 'D:/PaintBrushMachiname/MagicPaintbrush/Content/Developers/Bryan/Collections/' took 0.01s
[2018.11.11-04.45.33:718][  0]LogFileCache: Scanning file cache for directory 'D:/PaintBrushMachiname/MagicPaintbrush/Content/Collections/' took 0.01s
[2018.11.11-04.45.33:718][  0]LogCollectionManager: Rebuilt the GUID cache for 0 collections in 0.000000 seconds
[2018.11.11-04.45.33:732][  0]LogContentBrowser: Native class hierarchy populated in 0.0137 seconds. Added 2572 classes and 603 folders.
[2018.11.11-04.45.33:742][  0]LogContentBrowser: Native class hierarchy updated for 'WidgetCarousel' in 0.0004 seconds. Added 0 classes and 0 folders.
[2018.11.11-04.45.33:835][  0]LogContentBrowser: Native class hierarchy updated for 'AddContentDialog' in 0.0005 seconds. Added 0 classes and 0 folders.
[2018.11.11-04.45.33:841][  0]LogContentBrowser: Native class hierarchy updated for 'SceneOutliner' in 0.0004 seconds. Added 1 classes and 2 folders.
[2018.11.11-04.45.33:864][  0]LogSlate: Took 0.000275 seconds to synchronously load lazily loaded font '../../../Engine/Content/Slate/Fonts/Roboto-Regular.ttf' (155K)
[2018.11.11-04.45.33:867][  0]LogSlate: Took 0.000335 seconds to synchronously load lazily loaded font '../../../Engine/Content/Slate/Fonts/Roboto-Bold.ttf' (160K)
[2018.11.11-04.45.33:874][  0]LogSlate: Took 0.000399 seconds to synchronously load lazily loaded font '../../../Engine/Content/Editor/Slate/Fonts/FontAwesome.ttf' (139K)
[2018.11.11-04.45.33:972][  0]LogRenderer: Reallocating scene render targets to support 912x420 Format 10 NumSamples 1 (Frame:1).
[2018.11.11-04.45.34:128][  0]LogContentBrowser: Native class hierarchy updated for 'HierarchicalLODOutliner' in 0.0004 seconds. Added 0 classes and 0 folders.
[2018.11.11-04.45.34:128][  0]LogLoad: (Engine Initialization) Total time: 10.10 seconds
[2018.11.11-04.45.34:128][  0]LogLoad: (Engine Initialization) Total Blueprint compile time: 0.00 seconds
[2018.11.11-04.45.34:147][  0]LogWindowsTextInputMethodSystem: Display: IME system now deactivated.
[2018.11.11-04.45.34:169][  0]LogContentStreaming: Texture pool size now 1000 MB
[2018.11.11-04.45.34:206][  0]LogSlate: Took 0.000267 seconds to synchronously load lazily loaded font '../../../Engine/Content/Slate/Fonts/Roboto-Light.ttf' (167K)
[2018.11.11-04.45.34:253][  1]LogAssetRegistry: Asset discovery search completed in 4.6979 seconds
[2018.11.11-04.45.34:255][  1]LogCollectionManager: Rebuilt the object cache for 0 collections in 0.000000 seconds (found 0 objects)
[2018.11.11-04.45.34:255][  1]LogCollectionManager: Fixed up redirectors for 0 collections in 0.000058 seconds (updated 0 objects)
[2018.11.11-04.45.37:632][200]LogSlate: FSceneViewport::OnFocusLost() reason 0
[2018.11.11-04.45.37:859][207]LogSlate: Took 0.000377 seconds to synchronously load lazily loaded font '../../../Engine/Content/Slate/Fonts/Roboto-Light.ttf' (167K)
[2018.11.11-04.45.46:981][207]LogAIModule: Creating AISystem for world WorldBuildingMPB
[2018.11.11-04.45.47:088][207]LogAssetEditorManager: Opening Asset editor for World /Game/WorldBuildingMPB.WorldBuildingMPB
[2018.11.11-04.45.47:131][207]Cmd: MAP LOAD FILE="../../../../../PaintBrushMachiname/MagicPaintbrush/Content/WorldBuildingMPB.umap" TEMPLATE=0 SHOWPROGRESS=1 FEATURELEVEL=3
[2018.11.11-04.45.47:131][207]LightingResults: New page: Lighting Build
[2018.11.11-04.45.47:132][207]LoadErrors: New page: Loading map: WorldBuildingMPB.umap
[2018.11.11-04.45.47:132][207]MapCheck: New page: Map Check
[2018.11.11-04.45.47:132][207]LightingResults: New page: Lighting Build
[2018.11.11-04.45.47:273][207]LogEditorServer: Finished looking for orphan Actors (0.000 secs)
[2018.11.11-04.45.47:335][207]Cmd: MAP CHECKDEP NOCLEARLOG
[2018.11.11-04.45.47:460][207]MapCheck: Map check complete: 0 Error(s), 0 Warning(s), took 125.335ms to complete.
[2018.11.11-04.45.47:460][207]LogFileHelpers: Loading map 'WorldBuildingMPB' took 0.330
[2018.11.11-04.46.14:158][793]LogSlate: FSceneViewport::OnFocusLost() reason 0
[2018.11.11-04.46.17:741][999]LogAssetEditorManager: Opening Asset editor for LevelSequence /Game/Cinematics/Sequences/MovieReel/MovieReelMaster.MovieReelMaster
[2018.11.11-04.46.47:200][711]LogSlate: FSceneViewport::OnFocusLost() reason 0
[2018.11.11-04.48.08:081][554]LogEditorViewport: Clicking on Actor (LMB): StaticMeshActor (SM_Bld_Castle_Tower_45)
[2018.11.11-04.48.33:863][ 27]LogSlate: FSceneViewport::OnFocusLost() reason 0
[2018.11.11-04.48.41:141][446]LogSlate: Took 0.019702 seconds to synchronously load lazily loaded font '../../../Engine/Content/Slate/Fonts/Roboto-BoldCondensed.ttf' (158K)
[2018.11.11-04.48.53:625][178]Cmd: TRANSACTION UNDO
[2018.11.11-04.48.53:625][178]LogEditorTransaction: Undo Set Key Value
[2018.11.11-04.48.54:391][216]Cmd: TRANSACTION UNDO
[2018.11.11-04.48.54:391][216]LogEditorTransaction: Undo Create Camera Here
[2018.11.11-04.49.10:942][182]LogEditorViewport: Clicking on Actor (LMB): Emitter (P_Dust_groundCoat2)
[2018.11.11-04.49.11:620][220]LogEditorViewport: Clicking on Actor (LMB): Emitter (P_Dust_groundCoat2)
[2018.11.11-04.49.14:142][370]LogEditorViewport: Clicking on Actor (LMB): Emitter (P_Dust_groundCoat2)
[2018.11.11-04.49.22:840][890]LogSlate: FSceneViewport::OnFocusLost() reason 0
[2018.11.11-04.49.37:416][710]Cmd: DELETE
[2018.11.11-04.49.37:416][710]Cmd: ACTOR DELETE
[2018.11.11-04.49.37:439][710]LogSlate: FSceneViewport::OnFocusLost() reason 2
[2018.11.11-04.49.37:486][710]LogEditorActor: Deleted Actor: SkeletalMeshActor
[2018.11.11-04.49.37:516][710]LogEditorActor: Deleted 1 Actors (0.093 secs)
[2018.11.11-04.49.38:500][769]LogSlate: FSceneViewport::OnFocusLost() reason 0
[2018.11.11-04.49.40:897][908]LogSlate: FSceneViewport::OnFocusLost() reason 0
[2018.11.11-04.49.43:038][ 31]LogEditorViewport: Clicking on Actor (LMB): Emitter (P_Dust_groundCoat2)
[2018.11.11-04.49.43:557][ 59]LogEditorViewport: Clicking on Actor (LMB): Emitter (P_Dust_groundCoat2)
[2018.11.11-04.49.47:773][311]LogEditorViewport: Clicking on Actor (LMB): Emitter (P_Dust_groundCoat3)
[2018.11.11-04.49.48:579][357]LogEditorViewport: Clicking on Actor (LMB): SkeletalMeshActor (SK_Character_Female_Peasant_01_PhysicsAsset)
[2018.11.11-04.49.51:188][510]Cmd: DELETE
[2018.11.11-04.49.51:188][510]Cmd: ACTOR DELETE
[2018.11.11-04.49.51:211][510]LogEditorActor: Deleted Actor: SkeletalMeshActor
[2018.11.11-04.49.51:236][510]LogEditorActor: Deleted 1 Actors (0.048 secs)
[2018.11.11-04.50.00:904][ 90]LogEditorViewport: Clicking on Actor (LMB): Emitter (P_Dust_groundCoat2)
[2018.11.11-04.50.12:734][797]LogEditorViewport: Clicking on Actor (LMB): SkeletalMeshActor (SK_Character_Female_Peasant_3)
[2018.11.11-04.50.31:253][901]LogEditorViewport: Clicking on Actor (LMB): Emitter (P_Dust_groundCoat4)
[2018.11.11-04.50.38:020][304]LogEditorViewport: Clicking on Actor (LMB): SkeletalMeshActor (SK_Character_Female_Peasant_3)
[2018.11.11-04.50.39:621][396]LogSlate: FSceneViewport::OnFocusLost() reason 0
[2018.11.11-04.50.42:354][559]LogSlate: FSceneViewport::OnFocusLost() reason 0
[2018.11.11-04.50.58:384][519]LogSlate: FSceneViewport::OnFocusLost() reason 0
[2018.11.11-04.52.05:895][456]LogEditorViewport: Clicking on Actor (LMB): CineCameraActor (CineCameraActor12)
[2018.11.11-04.52.06:365][477]Cmd: CAMERA ALIGN ACTIVEVIEWPORTONLY
[2018.11.11-04.55.37:931][167]LogSlate: FSceneViewport::OnFocusLost() reason 2
[2018.11.11-04.55.38:324][167]Cmd: OBJ SAVEPACKAGE PACKAGE="/Game/WorldBuildingMPB" FILE="../../../../../PaintBrushMachiname/MagicPaintbrush/Saved/Autosaves/Game/WorldBuildingMPB_Auto1.umap" SILENT=true AUTOSAVING=true KEEPDIRTY=false
[2018.11.11-04.55.39:543][167]LogSavePackage: Moving '../../../../../PaintBrushMachiname/MagicPaintbrush/Saved/WorldBuildingMPB_Auto1C5612A7D491ABEA9C79080BB9DDE85C8.tmp' to '../../../../../PaintBrushMachiname/MagicPaintbrush/Saved/Autosaves/Game/WorldBuildingMPB_Auto1.umap'
[2018.11.11-04.55.39:690][167]LogFileHelpers: Editor autosave (incl. sublevels) for '/Game/WorldBuildingMPB' took 1.731
[2018.11.11-04.55.39:690][167]LogFileHelpers: Editor autosave (incl. sublevels) for all levels took 1.731
[2018.11.11-04.55.39:697][167]OBJ SavePackage: Generating thumbnails for [0] asset(s) in package [/Game/Cinematics/Sequences/MovieReel/MovieReelMaster] ([1] browsable assets)...
[2018.11.11-04.55.39:697][167]OBJ SavePackage: Finished generating thumbnails for package [/Game/Cinematics/Sequences/MovieReel/MovieReelMaster]
[2018.11.11-04.55.39:858][167]LogSavePackage: Moving '../../../../../PaintBrushMachiname/MagicPaintbrush/Saved/MovieReelMaster_Auto12F11627C49A14347833885A97BC58537.tmp' to '../../../../../PaintBrushMachiname/MagicPaintbrush/Saved/Autosaves/Game/Cinematics/Sequences/MovieReel/MovieReelMaster_Auto1.uasset'
[2018.11.11-04.55.39:871][167]LogFileHelpers: Auto-saving content packages took 0.176
[2018.11.11-05.15.50:977][812]LogSlate: FSceneViewport::OnFocusLost() reason 0
[2018.11.11-05.15.59:351][314]LogSlate: FSceneViewport::OnFocusLost() reason 0
[2018.11.11-05.16.01:640][451]Cmd: CAMERA ALIGN ACTIVEVIEWPORTONLY
[2018.11.11-05.16.08:437][855]LogSlate: FSceneViewport::OnFocusLost() reason 0
[2018.11.11-05.16.19:195][496]Cmd: CAMERA ALIGN ACTIVEVIEWPORTONLY
[2018.11.11-05.16.23:295][742]Cmd: CAMERA ALIGN ACTIVEVIEWPORTONLY
[2018.11.11-05.16.34:881][431]LogEditorViewport: Clicking on Actor (LMB): SkeletalMeshActor (SK_Character_Female_Peasant_3)
[2018.11.11-05.16.42:152][863]LogSlate: FSceneViewport::OnFocusLost() reason 0
[2018.11.11-05.16.50:275][334]Cmd: TRANSACTION UNDO
[2018.11.11-05.16.50:275][334]LogEditorTransaction: Undo Move Actors
[2018.11.11-05.16.54:563][570]LogSlate: FSceneViewport::OnFocusLost() reason 0
[2018.11.11-05.17.01:985][ 10]Cmd: CAMERA ALIGN ACTIVEVIEWPORTONLY
[2018.11.11-05.17.15:442][816]LogSlate: FSceneViewport::OnFocusLost() reason 0
[2018.11.11-05.17.29:539][653]LogSlate: FSceneViewport::OnFocusLost() reason 0
[2018.11.11-05.17.32:663][839]LogSlate: FSceneViewport::OnFocusLost() reason 0
[2018.11.11-05.17.35:089][983]LogSlate: FSceneViewport::OnFocusLost() reason 0
[2018.11.11-05.17.50:930][932]LogSlate: FSceneViewport::OnFocusLost() reason 0
[2018.11.11-05.18.07:916][948]LogSlate: FSceneViewport::OnFocusLost() reason 0
[2018.11.11-05.18.15:606][407]LogSlate: FSceneViewport::OnFocusLost() reason 0
[2018.11.11-05.18.18:604][585]LogSlate: FSceneViewport::OnFocusLost() reason 0
[2018.11.11-05.18.21:526][759]LogSlate: FSceneViewport::OnFocusLost() reason 0
[2018.11.11-05.18.28:950][198]LogSlate: FSceneViewport::OnFocusLost() reason 0
[2018.11.11-05.18.33:322][458]LogSlate: FSceneViewport::OnFocusLost() reason 0
[2018.11.11-05.18.36:701][659]LogEditorViewport: Clicking on Actor (LMB): StaticMeshActor (SM_Env_Tree_Twisted_34)
[2018.11.11-05.18.36:958][669]LogSlate: FSceneViewport::OnFocusLost() reason 0
[2018.11.11-05.18.37:979][730]LogEditorViewport: Clicking on Actor (LMB): CineCameraActor (CineCameraActor12)
[2018.11.11-05.18.42:632][  0]LogSlate: FSceneViewport::OnFocusLost() reason 0
[2018.11.11-05.18.45:456][168]LogSlate: FSceneViewport::OnFocusLost() reason 0
[2018.11.11-05.18.48:901][372]LogSlate: FSceneViewport::OnFocusLost() reason 0
[2018.11.11-05.18.51:122][504]LogSlate: FSceneViewport::OnFocusLost() reason 0
[2018.11.11-05.18.54:882][728]LogSlate: FSceneViewport::OnFocusLost() reason 0
[2018.11.11-05.18.57:190][865]LogSlate: FSceneViewport::OnFocusLost() reason 0
[2018.11.11-05.19.58:961][539]LogSlate: FSceneViewport::OnFocusLost() reason 0
[2018.11.11-05.20.02:254][735]LogSlate: FSceneViewport::OnFocusLost() reason 0
[2018.11.11-05.20.09:003][138]LogSlate: FSceneViewport::OnFocusLost() reason 0
[2018.11.11-05.20.14:622][472]Cmd: TRANSACTION UNDO
[2018.11.11-05.20.14:622][472]LogEditorTransaction: Undo Move Actors
[2018.11.11-05.20.36:817][770]LogSlate: FSceneViewport::OnFocusLost() reason 0
[2018.11.11-05.20.40:397][982]LogSlate: FSceneViewport::OnFocusLost() reason 0
[2018.11.11-05.20.47:262][392]LogSlate: FSceneViewport::OnFocusLost() reason 0
[2018.11.11-05.21.19:104][274]Cmd: OBJ SAVEPACKAGE PACKAGE="/Game/WorldBuildingMPB" FILE="../../../../../PaintBrushMachiname/MagicPaintbrush/Saved/Autosaves/Game/WorldBuildingMPB_Auto2.umap" SILENT=true AUTOSAVING=true KEEPDIRTY=false
[2018.11.11-05.21.20:293][274]LogSavePackage: Moving '../../../../../PaintBrushMachiname/MagicPaintbrush/Saved/WorldBuildingMPB_Auto23D07135D402477ECAF75E8AA39B108F0.tmp' to '../../../../../PaintBrushMachiname/MagicPaintbrush/Saved/Autosaves/Game/WorldBuildingMPB_Auto2.umap'
[2018.11.11-05.21.20:358][274]LogFileHelpers: Editor autosave (incl. sublevels) for '/Game/WorldBuildingMPB' took 1.281
[2018.11.11-05.21.20:358][274]LogFileHelpers: Editor autosave (incl. sublevels) for all levels took 1.281
[2018.11.11-05.21.20:364][274]OBJ SavePackage: Generating thumbnails for [0] asset(s) in package [/Game/Cinematics/Sequences/MovieReel/MovieReelMaster] ([1] browsable assets)...
[2018.11.11-05.21.20:364][274]OBJ SavePackage: Finished generating thumbnails for package [/Game/Cinematics/Sequences/MovieReel/MovieReelMaster]
[2018.11.11-05.21.20:522][274]LogSavePackage: Moving '../../../../../PaintBrushMachiname/MagicPaintbrush/Saved/MovieReelMaster_Auto28300EB94465B0A58104D97B58447F2E4.tmp' to '../../../../../PaintBrushMachiname/MagicPaintbrush/Saved/Autosaves/Game/Cinematics/Sequences/MovieReel/MovieReelMaster_Auto2.uasset'
[2018.11.11-05.21.20:525][274]LogFileHelpers: Auto-saving content packages took 0.162
[2018.11.11-05.21.26:871][646]LogSlate: FSceneViewport::OnFocusLost() reason 0
[2018.11.11-05.21.27:437][680]Cmd: CAMERA ALIGN ACTIVEVIEWPORTONLY
[2018.11.11-05.21.39:520][399]LogSlate: FSceneViewport::OnFocusLost() reason 0
[2018.11.11-05.21.51:641][122]LogSlate: FSceneViewport::OnFocusLost() reason 0
[2018.11.11-05.31.20:780][260]Cmd: OBJ SAVEPACKAGE PACKAGE="/Game/WorldBuildingMPB" FILE="../../../../../PaintBrushMachiname/MagicPaintbrush/Saved/Autosaves/Game/WorldBuildingMPB_Auto3.umap" SILENT=true AUTOSAVING=true KEEPDIRTY=false
[2018.11.11-05.31.21:957][260]LogSavePackage: Moving '../../../../../PaintBrushMachiname/MagicPaintbrush/Saved/WorldBuildingMPB_Auto390B74141469233B5EF6C0A800B901A98.tmp' to '../../../../../PaintBrushMachiname/MagicPaintbrush/Saved/Autosaves/Game/WorldBuildingMPB_Auto3.umap'
[2018.11.11-05.31.22:017][260]LogFileHelpers: Editor autosave (incl. sublevels) for '/Game/WorldBuildingMPB' took 1.263
[2018.11.11-05.31.22:017][260]LogFileHelpers: Editor autosave (incl. sublevels) for all levels took 1.263
[2018.11.11-05.31.22:024][260]OBJ SavePackage: Generating thumbnails for [0] asset(s) in package [/Game/Cinematics/Sequences/MovieReel/MovieReelMaster] ([1] browsable assets)...
[2018.11.11-05.31.22:024][260]OBJ SavePackage: Finished generating thumbnails for package [/Game/Cinematics/Sequences/MovieReel/MovieReelMaster]
[2018.11.11-05.31.22:181][260]LogSavePackage: Moving '../../../../../PaintBrushMachiname/MagicPaintbrush/Saved/MovieReelMaster_Auto375CA7DE94CBA66ADA711DE8221B86C9F.tmp' to '../../../../../PaintBrushMachiname/MagicPaintbrush/Saved/Autosaves/Game/Cinematics/Sequences/MovieReel/MovieReelMaster_Auto3.uasset'
[2018.11.11-05.31.22:182][260]LogFileHelpers: Auto-saving content packages took 0.161
[2018.11.11-05.34.29:468][488]LogSlate: FSceneViewport::OnFocusLost() reason 0
[2018.11.11-05.35.33:523][280]LogSavePackage: Moving '../../../../../PaintBrushMachiname/MagicPaintbrush/Saved/Farm_and_Forest0859CDAA41C50E01D194A0888019028C.tmp' to '../../../../../PaintBrushMachiname/MagicPaintbrush/Content/Cinematics/Sequences/MovieReel/Farm_and_Forest.uasset'
[2018.11.11-05.35.33:541][280]LogSavePackage: Moving '../../../../../PaintBrushMachiname/MagicPaintbrush/Saved/MovieReelMaster7827C39D4CD0FB47301A1BB5FDADEFAD.tmp' to '../../../../../PaintBrushMachiname/MagicPaintbrush/Content/Cinematics/Sequences/MovieReel/MovieReelMaster.uasset'
[2018.11.11-05.35.45:724][996]LogAssetEditorManager: Opening Asset editor for LevelSequence /Game/Cinematics/Sequences/Sequence/SequenceMaster.SequenceMaster
[2018.11.11-05.36.03:809][881]LogSlate: Window 'Delete Assets' being destroyed
[2018.11.11-05.36.16:652][462]LogSlate: Window 'Delete Assets' being destroyed
[2018.11.11-05.36.19:203][596]LogAssetEditorManager: Opening Asset editor for LevelSequence /Game/Cinematics/Sequences/MovieReel/Farm_and_Forest.Farm_and_Forest
[2018.11.11-05.37.17:069][101]LogSlate: Window 'Save Asset As' being destroyed
[2018.11.11-05.37.17:503][101]LogAssetEditorManager: Opening Asset editor for LevelSequence /Game/Cinematics/Sequences/MovieReel/InsideChasing.InsideChasing
[2018.11.11-05.37.28:649][749]LogSlate: FSceneViewport::OnFocusLost() reason 0
[2018.11.11-05.37.41:881][532]LogAssetEditorManager: Opening Asset editor for LevelSequence /Game/Cinematics/Sequences/MovieReel/Farm_and_Forest.Farm_and_Forest
[2018.11.11-05.38.37:008][779]Cmd: TRANSACTION UNDO
[2018.11.11-05.38.37:008][779]LogEditorTransaction: Undo Set Key Value
[2018.11.11-05.40.53:382][818]Cmd: OBJ SAVEPACKAGE PACKAGE="/Game/Cinematics/MovieReel/InsideChasing" FILE="../../../../../PaintBrushMachiname/MagicPaintbrush/Content/Cinematics/MovieReel/InsideChasing.uasset" SILENT=true
[2018.11.11-05.40.53:390][818]LogSavePackage: Moving '../../../../../PaintBrushMachiname/MagicPaintbrush/Saved/InsideChasingB4227EE24C49C7301C49F6A271FE765E.tmp' to '../../../../../PaintBrushMachiname/MagicPaintbrush/Content/Cinematics/MovieReel/InsideChasing.uasset'
[2018.11.11-05.40.53:400][818]Cmd: OBJ SAVEPACKAGE PACKAGE="/Game/Cinematics/MovieReel/Farm_and_Forest" FILE="../../../../../PaintBrushMachiname/MagicPaintbrush/Content/Cinematics/MovieReel/Farm_and_Forest.uasset" SILENT=true
[2018.11.11-05.40.53:557][818]LogSavePackage: Moving '../../../../../PaintBrushMachiname/MagicPaintbrush/Saved/Farm_and_Forest157EF9B74EE43224DA7F16A22C13CCE6.tmp' to '../../../../../PaintBrushMachiname/MagicPaintbrush/Content/Cinematics/MovieReel/Farm_and_Forest.uasset'
[2018.11.11-05.40.53:582][818]LogSavePackage: Moving '../../../../../PaintBrushMachiname/MagicPaintbrush/Saved/shot0010_0013B6C7A484C316A49BEF108818E447262.tmp' to '../../../../../PaintBrushMachiname/MagicPaintbrush/Content/Cinematics/MovieReel/shots/shot0010/shot0010_001.uasset'
[2018.11.11-05.40.53:607][818]LogSavePackage: Moving '../../../../../PaintBrushMachiname/MagicPaintbrush/Saved/shot0020_0012DDFDB8B42F88446D2444F851299DCCA.tmp' to '../../../../../PaintBrushMachiname/MagicPaintbrush/Content/Cinematics/MovieReel/shots/shot0020/shot0020_001.uasset'
[2018.11.11-05.40.53:631][818]LogSavePackage: Moving '../../../../../PaintBrushMachiname/MagicPaintbrush/Saved/shot0030_001F487B36447A710C87DA915873D00FB8A.tmp' to '../../../../../PaintBrushMachiname/MagicPaintbrush/Content/Cinematics/MovieReel/shots/shot0030/shot0030_001.uasset'
[2018.11.11-05.40.53:654][818]LogSavePackage: Moving '../../../../../PaintBrushMachiname/MagicPaintbrush/Saved/shot0040_00115B966AB4B4334DBDE975EBE49D0800D.tmp' to '../../../../../PaintBrushMachiname/MagicPaintbrush/Content/Cinematics/MovieReel/shots/shot0040/shot0040_001.uasset'
[2018.11.11-05.40.53:678][818]LogSavePackage: Moving '../../../../../PaintBrushMachiname/MagicPaintbrush/Saved/shot0050_0017F2FA4944CF56C9B21133EB059A5CDC5.tmp' to '../../../../../PaintBrushMachiname/MagicPaintbrush/Content/Cinematics/MovieReel/shots/shot0050/shot0050_001.uasset'
[2018.11.11-05.40.53:704][818]LogSavePackage: Moving '../../../../../PaintBrushMachiname/MagicPaintbrush/Saved/shot0060_001359FDA224A76EDEF9DBB238199A02F7F.tmp' to '../../../../../PaintBrushMachiname/MagicPaintbrush/Content/Cinematics/MovieReel/shots/shot0060/shot0060_001.uasset'
[2018.11.11-05.40.53:730][818]LogSavePackage: Moving '../../../../../PaintBrushMachiname/MagicPaintbrush/Saved/shot0070_001C211FADF45915BCB3DE44D88CBB2B440.tmp' to '../../../../../PaintBrushMachiname/MagicPaintbrush/Content/Cinematics/MovieReel/shots/shot0070/shot0070_001.uasset'
[2018.11.11-05.40.53:755][818]LogSavePackage: Moving '../../../../../PaintBrushMachiname/MagicPaintbrush/Saved/shot0080_0019EFB1958428C67FC98B369B573D8B631.tmp' to '../../../../../PaintBrushMachiname/MagicPaintbrush/Content/Cinematics/MovieReel/shots/shot0080/shot0080_001.uasset'
[2018.11.11-05.40.53:780][818]LogSavePackage: Moving '../../../../../PaintBrushMachiname/MagicPaintbrush/Saved/shot0090_001C4BAC34A44A409CCCE824A91A1953F37.tmp' to '../../../../../PaintBrushMachiname/MagicPaintbrush/Content/Cinematics/MovieReel/shots/shot0090/shot0090_001.uasset'
[2018.11.11-05.40.53:804][818]LogSavePackage: Moving '../../../../../PaintBrushMachiname/MagicPaintbrush/Saved/shot0100_001506E690B485C298A72F4D38AAD01EBCF.tmp' to '../../../../../PaintBrushMachiname/MagicPaintbrush/Content/Cinematics/MovieReel/shots/shot0100/shot0100_001.uasset'
[2018.11.11-05.40.54:787][818]LogSavePackage: Moving '../../../../../PaintBrushMachiname/MagicPaintbrush/Saved/MovieReelMaster07C84A9D4448E4AD16D57696AC685339.tmp' to '../../../../../PaintBrushMachiname/MagicPaintbrush/Content/Cinematics/Sequences/MovieReel/MovieReelMaster.uasset'
[2018.11.11-05.41.12:998][838]LogSlate: Window 'Delete Assets' being destroyed
[2018.11.11-05.41.17:225][ 56]LogAssetEditorManager: Opening Asset editor for LevelSequence /Game/Cinematics/MovieReel/InsideChasing.InsideChasing
[2018.11.11-05.41.20:032][220]LogAssetEditorManager: Opening Asset editor for LevelSequence /Game/Cinematics/MovieReel/Farm_and_Forest.Farm_and_Forest
[2018.11.11-05.41.31:017][843]LogAssetEditorManager: Opening Asset editor for LevelSequence /Game/Cinematics/MovieReel/InsideChasing.InsideChasing
[2018.11.11-05.42.29:783][ 19]Cmd: OBJ SAVEPACKAGE PACKAGE="/Game/WorldBuildingMPB" FILE="../../../../../PaintBrushMachiname/MagicPaintbrush/Saved/Autosaves/Game/WorldBuildingMPB_Auto4.umap" SILENT=true AUTOSAVING=true KEEPDIRTY=false
[2018.11.11-05.42.30:927][ 19]LogSavePackage: Moving '../../../../../PaintBrushMachiname/MagicPaintbrush/Saved/WorldBuildingMPB_Auto4A753DB8D4DA606627704569E0FFA2A6F.tmp' to '../../../../../PaintBrushMachiname/MagicPaintbrush/Saved/Autosaves/Game/WorldBuildingMPB_Auto4.umap'
[2018.11.11-05.42.30:935][ 19]LogFileHelpers: Editor autosave (incl. sublevels) for '/Game/WorldBuildingMPB' took 1.177
[2018.11.11-05.42.30:935][ 19]LogFileHelpers: Editor autosave (incl. sublevels) for all levels took 1.177
[2018.11.11-06.25.42:922][738]LogEditorViewport: Clicking on Actor (context menu): StaticMeshActor (SM_Bld_Church_Room_3)
[2018.11.11-06.25.43:402][738]LogSlate: FSceneViewport::OnFocusLost() reason 2
[2018.11.11-06.26.46:798][521]LogSlate: FSceneViewport::OnFocusLost() reason 0
[2018.11.11-06.27.18:631][400]Cmd: CAMERA ALIGN ACTIVEVIEWPORTONLY
[2018.11.11-06.27.21:268][558]LogSlate: FSceneViewport::OnFocusLost() reason 0
[2018.11.11-06.27.22:334][622]Cmd: CAMERA ALIGN ACTIVEVIEWPORTONLY
[2018.11.11-06.27.24:840][772]LogEditorViewport: Clicking on Actor (LMB): CineCameraActor (CineCameraActor113)
[2018.11.11-06.27.31:745][181]LogSlate: FSceneViewport::OnFocusLost() reason 0
[2018.11.11-06.27.59:817][522]Cmd: OBJ SAVEPACKAGE PACKAGE="/Game/WorldBuildingMPB" FILE="../../../../../PaintBrushMachiname/MagicPaintbrush/Saved/Autosaves/Game/WorldBuildingMPB_Auto5.umap" SILENT=true AUTOSAVING=true KEEPDIRTY=false
[2018.11.11-06.28.01:007][522]LogSavePackage: Moving '../../../../../PaintBrushMachiname/MagicPaintbrush/Saved/WorldBuildingMPB_Auto54EB62B8E4C9075084997FE97AE0C502C.tmp' to '../../../../../PaintBrushMachiname/MagicPaintbrush/Saved/Autosaves/Game/WorldBuildingMPB_Auto5.umap'
[2018.11.11-06.28.01:016][522]LogFileHelpers: Editor autosave (incl. sublevels) for '/Game/WorldBuildingMPB' took 1.225
[2018.11.11-06.28.01:017][522]LogFileHelpers: Editor autosave (incl. sublevels) for all levels took 1.225
[2018.11.11-06.28.01:022][522]OBJ SavePackage: Generating thumbnails for [0] asset(s) in package [/Game/Cinematics/MovieReel/InsideChasing] ([1] browsable assets)...
[2018.11.11-06.28.01:022][522]OBJ SavePackage: Finished generating thumbnails for package [/Game/Cinematics/MovieReel/InsideChasing]
[2018.11.11-06.28.01:042][522]LogSavePackage: Moving '../../../../../PaintBrushMachiname/MagicPaintbrush/Saved/InsideChasing_Auto5489BC1794FADD4086D626DABC9744BCE.tmp' to '../../../../../PaintBrushMachiname/MagicPaintbrush/Saved/Autosaves/Game/Cinematics/MovieReel/InsideChasing_Auto5.uasset'
[2018.11.11-06.28.01:044][522]LogFileHelpers: Auto-saving content packages took 0.023
[2018.11.11-06.29.07:626][275]Cmd: CAMERA ALIGN ACTIVEVIEWPORTONLY
[2018.11.11-06.29.12:462][563]LogSlate: FSceneViewport::OnFocusLost() reason 0
[2018.11.11-06.29.15:475][742]LogEditorViewport: Clicking on Actor (LMB): CineCameraActor (CineCameraActor113)
[2018.11.11-06.29.48:532][720]LogSlate: FSceneViewport::OnFocusLost() reason 0
[2018.11.11-06.29.54:451][ 72]LogSlate: FSceneViewport::OnFocusLost() reason 0
[2018.11.11-06.30.12:001][120]LogSlate: FSceneViewport::OnFocusLost() reason 0
[2018.11.11-06.30.16:212][370]LogSlate: FSceneViewport::OnFocusLost() reason 0
[2018.11.11-06.30.26:051][953]Cmd: TRANSACTION UNDO
[2018.11.11-06.30.26:051][953]LogEditorTransaction: Undo Delete Node
[2018.11.11-06.30.27:456][ 30]LogEditorViewport: Clicking on Actor (LMB): CineCameraActor (CineCameraActor113)
[2018.11.11-06.30.39:761][761]LogSlate: FSceneViewport::OnFocusLost() reason 0
[2018.11.11-06.30.43:457][981]LogSlate: FSceneViewport::OnFocusLost() reason 0
[2018.11.11-06.33.07:543][712]LogSlate: FSceneViewport::OnFocusLost() reason 0
[2018.11.11-06.33.10:122][865]LogSlate: FSceneViewport::OnFocusLost() reason 0
[2018.11.11-06.33.12:432][  2]LogSlate: FSceneViewport::OnFocusLost() reason 0
[2018.11.11-06.33.14:641][133]LogSlate: FSceneViewport::OnFocusLost() reason 0
[2018.11.11-06.33.17:042][274]LogEditorViewport: Clicking on Actor (LMB): CineCameraActor (CineCameraActor113)
[2018.11.11-06.33.47:968][119]LogSlate: FSceneViewport::OnFocusLost() reason 0
[2018.11.11-06.34.43:449][422]LogSlate: FSceneViewport::OnFocusLost() reason 0
[2018.11.11-06.35.04:686][685]LogSlate: FSceneViewport::OnFocusLost() reason 0
[2018.11.11-06.35.19:972][597]LogSlate: FSceneViewport::OnFocusLost() reason 0
[2018.11.11-06.36.35:479][113]LogSlate: FSceneViewport::OnFocusLost() reason 0
[2018.11.11-06.36.48:956][910]Cmd: CAMERA ALIGN ACTIVEVIEWPORTONLY
[2018.11.11-06.37.01:267][627]LogSlate: FSceneViewport::OnFocusLost() reason 2
[2018.11.11-06.37.10:049][145]LogSlate: FSceneViewport::OnFocusLost() reason 0
[2018.11.11-06.37.14:149][391]Cmd: TRANSACTION UNDO
[2018.11.11-06.37.14:149][391]LogEditorTransaction: Undo Animatable Property Changed
[2018.11.11-06.37.35:119][625]Cmd: TRANSACTION UNDO
[2018.11.11-06.37.35:119][625]LogEditorTransaction: Undo Select Actors/Components
[2018.11.11-06.37.36:401][689]Cmd: TRANSACTION UNDO
[2018.11.11-06.37.36:401][689]LogEditorTransaction: Undo Move Actors
[2018.11.11-06.37.36:779][710]Cmd: TRANSACTION UNDO
[2018.11.11-06.37.36:779][710]LogEditorTransaction: Undo Select Actors/Components
[2018.11.11-06.37.37:193][730]Cmd: TRANSACTION UNDO
[2018.11.11-06.37.37:193][730]LogEditorTransaction: Undo Select Actors/Components
[2018.11.11-06.37.37:630][752]Cmd: TRANSACTION UNDO
[2018.11.11-06.37.37:630][752]LogEditorTransaction: Undo Set Key Value
[2018.11.11-06.37.38:653][812]Cmd: TRANSACTION UNDO
[2018.11.11-06.37.38:654][812]LogEditorTransaction: Undo Create Camera Here
[2018.11.11-06.37.40:529][916]Cmd: TRANSACTION UNDO
[2018.11.11-06.37.40:529][916]LogEditorTransaction: Undo Animatable Property Changed
[2018.11.11-06.37.41:379][962]Cmd: TRANSACTION UNDO
[2018.11.11-06.37.41:379][962]LogEditorTransaction: Undo Animatable Property Changed
[2018.11.11-06.37.42:033][997]Cmd: TRANSACTION UNDO
[2018.11.11-06.37.42:034][997]LogEditorTransaction: Undo Animatable Property Changed
[2018.11.11-06.37.42:655][ 30]Cmd: TRANSACTION UNDO
[2018.11.11-06.37.42:655][ 30]LogEditorTransaction: Undo Animatable Property Changed
[2018.11.11-06.37.44:096][112]LogSlate: FSceneViewport::OnFocusLost() reason 0
[2018.11.11-06.37.47:846][337]Cmd: TRANSACTION UNDO
[2018.11.11-06.37.47:846][337]LogEditorTransaction: Undo Animatable Property Changed
[2018.11.11-06.37.49:201][413]Cmd: TRANSACTION UNDO
[2018.11.11-06.37.49:201][413]LogEditorTransaction: Undo Animatable Property Changed
[2018.11.11-06.38.19:450][222]LogSlate: FSceneViewport::OnFocusLost() reason 0
[2018.11.11-06.38.43:623][671]LogSlate: FSceneViewport::OnFocusLost() reason 0
[2018.11.11-06.39.31:030][496]LogEditorViewport: Clicking on Actor (LMB): Emitter (P_Dust_groundCoat17)
[2018.11.11-06.39.35:534][762]Cmd: TRANSACTION UNDO
[2018.11.11-06.39.35:534][762]LogEditorTransaction: Undo Move Actors
[2018.11.11-06.39.36:593][812]LogEditorViewport: Clicking on Actor (LMB): SkeletalMeshActor (SK_Character_Female_Peasant_4)
[2018.11.11-06.39.47:525][464]LogSlate: FSceneViewport::OnFocusLost() reason 0
[2018.11.11-06.39.49:329][569]Cmd: CAMERA ALIGN ACTIVEVIEWPORTONLY
[2018.11.11-06.39.52:562][763]Cmd: CAMERA ALIGN ACTIVEVIEWPORTONLY
[2018.11.11-06.39.52:562][763]Can't find target actor or component.
[2018.11.11-06.39.55:255][919]Cmd: CAMERA ALIGN ACTIVEVIEWPORTONLY
[2018.11.11-06.40.19:363][353]LogSlate: FSceneViewport::OnFocusLost() reason 0
[2018.11.11-06.40.23:180][579]Cmd: CAMERA ALIGN ACTIVEVIEWPORTONLY
[2018.11.11-06.40.28:722][908]LogSlate: FSceneViewport::OnFocusLost() reason 0
[2018.11.11-06.40.42:080][705]LogSlate: FSceneViewport::OnFocusLost() reason 0
[2018.11.11-06.41.03:611][988]LogSlate: FSceneViewport::OnFocusLost() reason 0
[2018.11.11-06.41.11:105][434]Cmd: CAMERA ALIGN ACTIVEVIEWPORTONLY
[2018.11.11-06.41.13:754][590]Cmd: CAMERA ALIGN ACTIVEVIEWPORTONLY
[2018.11.11-06.41.21:353][ 40]LogSlate: FSceneViewport::OnFocusLost() reason 0
[2018.11.11-06.41.28:058][440]LogSlate: FSceneViewport::OnFocusLost() reason 0
[2018.11.11-06.41.40:206][166]LogSlate: FSceneViewport::OnFocusLost() reason 0
[2018.11.11-06.41.43:317][351]LogEditorViewport: Clicking on Actor (LMB): Emitter (P_Dust_groundCoat17)
[2018.11.11-06.41.44:234][401]LogSlate: FSceneViewport::OnFocusLost() reason 0
[2018.11.11-06.41.45:025][448]LogEditorViewport: Clicking on Actor (LMB): CineCameraActor (CineCameraActor123)
[2018.11.11-06.41.45:996][499]LogSlate: FSceneViewport::OnFocusLost() reason 0
[2018.11.11-06.41.48:389][641]LogSlate: FSceneViewport::OnFocusLost() reason 0
[2018.11.11-06.41.56:845][145]LogSlate: FSceneViewport::OnFocusLost() reason 0
[2018.11.11-06.42.21:811][639]LogSlate: FSceneViewport::OnFocusLost() reason 0
[2018.11.11-06.42.24:859][820]LogSlate: FSceneViewport::OnFocusLost() reason 0
[2018.11.11-06.42.29:285][ 83]LogSlate: FSceneViewport::OnFocusLost() reason 0
[2018.11.11-06.42.34:819][412]LogSlate: FSceneViewport::OnFocusLost() reason 0
[2018.11.11-06.42.37:428][567]LogSlate: FSceneViewport::OnFocusLost() reason 0
[2018.11.11-06.42.43:560][933]LogSlate: FSceneViewport::OnFocusLost() reason 0
[2018.11.11-06.42.46:639][116]LogEditorViewport: Clicking on Actor (LMB): StaticMeshActor (SM_Prop_Plinth_5)
[2018.11.11-06.42.47:782][179]LogEditorViewport: Clicking on Actor (LMB): CineCameraActor (CineCameraActor123)
[2018.11.11-06.42.50:656][345]LogSlate: FSceneViewport::OnFocusLost() reason 0
[2018.11.11-06.44.20:391][360]Cmd: OBJ SAVEPACKAGE PACKAGE="/Game/WorldBuildingMPB" FILE="../../../../../PaintBrushMachiname/MagicPaintbrush/Saved/Autosaves/Game/WorldBuildingMPB_Auto6.umap" SILENT=true AUTOSAVING=true KEEPDIRTY=false
[2018.11.11-06.44.21:625][360]LogSavePackage: Moving '../../../../../PaintBrushMachiname/MagicPaintbrush/Saved/WorldBuildingMPB_Auto64CA9FAD74FBCCC79525D8FA1AB198A31.tmp' to '../../../../../PaintBrushMachiname/MagicPaintbrush/Saved/Autosaves/Game/WorldBuildingMPB_Auto6.umap'
[2018.11.11-06.44.21:690][360]LogFileHelpers: Editor autosave (incl. sublevels) for '/Game/WorldBuildingMPB' took 1.328
[2018.11.11-06.44.21:690][360]LogFileHelpers: Editor autosave (incl. sublevels) for all levels took 1.328
[2018.11.11-06.44.21:697][360]OBJ SavePackage: Generating thumbnails for [0] asset(s) in package [/Game/Cinematics/MovieReel/InsideChasing] ([1] browsable assets)...
[2018.11.11-06.44.21:697][360]OBJ SavePackage: Finished generating thumbnails for package [/Game/Cinematics/MovieReel/InsideChasing]
[2018.11.11-06.44.21:732][360]LogSavePackage: Moving '../../../../../PaintBrushMachiname/MagicPaintbrush/Saved/InsideChasing_Auto6958F66C443E4830EDEB8908FDB0A6E12.tmp' to '../../../../../PaintBrushMachiname/MagicPaintbrush/Saved/Autosaves/Game/Cinematics/MovieReel/InsideChasing_Auto6.uasset'
[2018.11.11-06.44.21:734][360]LogFileHelpers: Auto-saving content packages took 0.040
[2018.11.11-06.46.07:653][787]Cmd: OBJ SAVEPACKAGE PACKAGE="/Game/WorldBuildingMPB" FILE="../../../../../PaintBrushMachiname/MagicPaintbrush/Content/WorldBuildingMPB.umap" SILENT=true AUTOSAVING=false KEEPDIRTY=false
[2018.11.11-06.46.09:228][787]LogSavePackage: Moving '../../../../../PaintBrushMachiname/MagicPaintbrush/Saved/WorldBuildingMPB577B093C4A02F4A5C7C99ABCB32BBA62.tmp' to '../../../../../PaintBrushMachiname/MagicPaintbrush/Content/WorldBuildingMPB.umap'
[2018.11.11-06.46.13:183][881]LogSlate: Window 'Save Content' being destroyed
[2018.11.11-06.46.13:213][881]Cmd: OBJ SAVEPACKAGE PACKAGE="/Game/Cinematics/MovieReel/InsideChasing" FILE="../../../../../PaintBrushMachiname/MagicPaintbrush/Content/Cinematics/MovieReel/InsideChasing.uasset" SILENT=true
[2018.11.11-06.46.13:246][881]LogSavePackage: Moving '../../../../../PaintBrushMachiname/MagicPaintbrush/Saved/InsideChasing78FE62BF42338F6B232B439DA5FA6771.tmp' to '../../../../../PaintBrushMachiname/MagicPaintbrush/Content/Cinematics/MovieReel/InsideChasing.uasset'
[2018.11.11-06.46.13:594][881]LogSlate: Window 'WhiteBoxForest - Unreal Editor' being destroyed
[2018.11.11-06.46.13:824][882]Cmd: QUIT_EDITOR
[2018.11.11-06.46.13:843][882]LogWindowsTextInputMethodSystem: Display: IME system now deactivated.
[2018.11.11-06.46.13:860][882]LogExit: Preparing to exit.
[2018.11.11-06.46.14:469][882]LogExit: Editor shut down
[2018.11.11-06.46.14:469][882]LogExit: Transaction tracking system shut down
[2018.11.11-06.46.14:715][882]LogExit: Object subsystem successfully closed.
[2018.11.11-06.46.14:733][882]LogShaderCompilers: Display: Shaders left to compile 0
[2018.11.11-06.46.14:737][882]LogD3D11RHI: Shutdown
[2018.11.11-06.46.14:737][882]LogD3D11RHI: CleanupD3DDevice
[2018.11.11-06.46.14:743][882]LogD3D11RHI: ~FD3D11DynamicRHI
[2018.11.11-06.46.14:756][882]LogModuleManager: Shutting down and abandoning module SequencerWidgets (614)
[2018.11.11-06.46.14:756][882]LogModuleManager: Shutting down and abandoning module HierarchicalLODOutliner (612)
[2018.11.11-06.46.14:756][882]LogModuleManager: Shutting down and abandoning module SceneOutliner (610)
[2018.11.11-06.46.14:756][882]LogModuleManager: Shutting down and abandoning module AddContentDialog (608)
[2018.11.11-06.46.14:757][882]LogModuleManager: Shutting down and abandoning module WidgetCarousel (607)
[2018.11.11-06.46.14:757][882]LogModuleManager: Shutting down and abandoning module EditorWidgets (604)
[2018.11.11-06.46.14:757][882]LogModuleManager: Shutting down and abandoning module CollectionManager (602)
[2018.11.11-06.46.14:757][882]LogModuleManager: Shutting down and abandoning module HierarchicalLODUtilities (600)
[2018.11.11-06.46.14:757][882]LogModuleManager: Shutting down and abandoning module StatsViewer (598)
[2018.11.11-06.46.14:757][882]LogModuleManager: Shutting down and abandoning module FoliageEdit (596)
[2018.11.11-06.46.14:757][882]LogModuleManager: Shutting down and abandoning module LandscapeEditor (594)
[2018.11.11-06.46.14:757][882]LogModuleManager: Shutting down and abandoning module MeshPaintMode (592)
[2018.11.11-06.46.14:757][882]LogModuleManager: Shutting down and abandoning module SceneDepthPickerMode (590)
[2018.11.11-06.46.14:757][882]LogModuleManager: Shutting down and abandoning module ActorPickerMode (588)
[2018.11.11-06.46.14:757][882]LogModuleManager: Shutting down and abandoning module GeometryMode (586)
[2018.11.11-06.46.14:757][882]LogModuleManager: Shutting down and abandoning module TextureAlignMode (584)
[2018.11.11-06.46.14:757][882]LogModuleManager: Shutting down and abandoning module BspMode (582)
[2018.11.11-06.46.14:757][882]LogModuleManager: Shutting down and abandoning module PIEPreviewDeviceProfileSelector (580)
[2018.11.11-06.46.14:757][882]LogModuleManager: Shutting down and abandoning module SequenceRecorderSections (578)
[2018.11.11-06.46.14:757][882]LogModuleManager: Shutting down and abandoning module AutomationWorker (576)
[2018.11.11-06.46.14:757][882]LogModuleManager: Shutting down and abandoning module AudioCaptureEditor (574)
[2018.11.11-06.46.14:757][882]LogModuleManager: Shutting down and abandoning module SequenceRecorder (573)
[2018.11.11-06.46.14:757][882]LogModuleManager: Shutting down and abandoning module MatineeToLevelSequence (570)
[2018.11.11-06.46.14:757][882]LogModuleManager: Shutting down and abandoning module LevelSequenceEditor (568)
[2018.11.11-06.46.14:757][882]LogModuleManager: Shutting down and abandoning module PlacementMode (567)
[2018.11.11-06.46.14:757][882]LogModuleManager: Shutting down and abandoning module MaterialEditor (566)
[2018.11.11-06.46.14:757][882]LogModuleManager: Shutting down and abandoning module WmfMediaFactory (562)
[2018.11.11-06.46.14:757][882]LogModuleManager: Shutting down and abandoning module WmfMediaEditor (560)
[2018.11.11-06.46.14:757][882]LogModuleManager: Shutting down and abandoning module MediaPlayerEditor (558)
[2018.11.11-06.46.14:758][882]LogModuleManager: Shutting down and abandoning module OpenExrWrapper (556)
[2018.11.11-06.46.14:758][882]LogModuleManager: Shutting down and abandoning module ImgMediaFactory (554)
[2018.11.11-06.46.14:758][882]LogModuleManager: Shutting down and abandoning module ImgMediaEditor (552)
[2018.11.11-06.46.14:758][882]LogModuleManager: Shutting down and abandoning module AvfMediaFactory (550)
[2018.11.11-06.46.14:758][882]LogModuleManager: Shutting down and abandoning module AvfMediaEditor (548)
[2018.11.11-06.46.14:758][882]LogModuleManager: Shutting down and abandoning module AndroidMediaFactory (546)
[2018.11.11-06.46.14:758][882]LogModuleManager: Shutting down and abandoning module AndroidMediaEditor (544)
[2018.11.11-06.46.14:758][882]LogModuleManager: Shutting down and abandoning module MagicLeapCameraPreviewFactory (542)
[2018.11.11-06.46.14:758][882]LogModuleManager: Shutting down and abandoning module MagicLeapMediaFactory (540)
[2018.11.11-06.46.14:758][882]LogModuleManager: Shutting down and abandoning module MagicLeapMediaEditor (538)
[2018.11.11-06.46.14:758][882]LogModuleManager: Shutting down and abandoning module CharacterAI (536)
[2018.11.11-06.46.14:758][882]LogModuleManager: Shutting down and abandoning module SmartSnapping (534)
[2018.11.11-06.46.14:758][882]LogModuleManager: Shutting down and abandoning module SessionServices (532)
[2018.11.11-06.46.14:758][882]LogModuleManager: Shutting down and abandoning module ViewportSnapping (530)
[2018.11.11-06.46.14:758][882]LogModuleManager: Shutting down and abandoning module ViewportInteraction (528)
[2018.11.11-06.46.14:758][882]LogModuleManager: Shutting down and abandoning module ClothPainter (526)
[2018.11.11-06.46.14:758][882]LogModuleManager: Shutting down and abandoning module SkeletalMeshEditor (525)
[2018.11.11-06.46.14:758][882]LogModuleManager: Shutting down and abandoning module LogVisualizer (522)
[2018.11.11-06.46.14:759][882]LogModuleManager: Shutting down and abandoning module IntroTutorials (520)
[2018.11.11-06.46.14:759][882]LogModuleManager: Shutting down and abandoning module GameProjectGeneration (519)
[2018.11.11-06.46.14:759][882]LogModuleManager: Shutting down and abandoning module LuminPlatformEditor (516)
[2018.11.11-06.46.14:759][882]LogModuleManager: Shutting down and abandoning module IOSPlatformEditor (514)
[2018.11.11-06.46.14:759][882]LogModuleManager: Shutting down and abandoning module HTML5PlatformEditor (512)
[2018.11.11-06.46.14:759][882]LogModuleManager: Shutting down and abandoning module AndroidPlatformEditor (510)
[2018.11.11-06.46.14:759][882]LogModuleManager: Shutting down and abandoning module AndroidDeviceDetection (509)
[2018.11.11-06.46.14:846][882]LogModuleManager: Shutting down and abandoning module WindowsPlatformEditor (506)
[2018.11.11-06.46.14:846][882]LogModuleManager: Shutting down and abandoning module LuminRuntimeSettings (504)
[2018.11.11-06.46.14:846][882]LogModuleManager: Shutting down and abandoning module IOSRuntimeSettings (502)
[2018.11.11-06.46.14:846][882]LogModuleManager: Shutting down and abandoning module AndroidRuntimeSettings (500)
[2018.11.11-06.46.14:846][882]LogModuleManager: Shutting down and abandoning module InputBindingEditor (498)
[2018.11.11-06.46.14:847][882]LogModuleManager: Shutting down and abandoning module MergeActors (496)
[2018.11.11-06.46.14:847][882]LogModuleManager: Shutting down and abandoning module LocalizationDashboard (494)
[2018.11.11-06.46.14:847][882]LogModuleManager: Shutting down and abandoning module LocalizationService (493)
[2018.11.11-06.46.14:847][882]LogModuleManager: Shutting down and abandoning module HardwareTargeting (490)
[2018.11.11-06.46.14:847][882]LogModuleManager: Shutting down and abandoning module DeviceProfileEditor (488)
[2018.11.11-06.46.14:847][882]LogModuleManager: Shutting down and abandoning module UndoHistory (486)
[2018.11.11-06.46.14:847][882]LogModuleManager: Shutting down and abandoning module XmlParser (484)
[2018.11.11-06.46.14:847][882]LogModuleManager: Shutting down and abandoning module Blutility (482)
[2018.11.11-06.46.14:847][882]LogModuleManager: Shutting down and abandoning module ProjectSettingsViewer (480)
[2018.11.11-06.46.14:847][882]LogModuleManager: Shutting down and abandoning module ProjectTargetPlatformEditor (479)
[2018.11.11-06.46.14:847][882]LogModuleManager: Shutting down and abandoning module EditorSettingsViewer (476)
[2018.11.11-06.46.14:847][882]LogModuleManager: Shutting down and abandoning module SettingsEditor (474)
[2018.11.11-06.46.14:847][882]LogModuleManager: Shutting down and abandoning module ProjectLauncher (472)
[2018.11.11-06.46.14:847][882]LogModuleManager: Shutting down and abandoning module SessionFrontend (470)
[2018.11.11-06.46.14:847][882]LogModuleManager: Shutting down and abandoning module ProfilerClient (468)
[2018.11.11-06.46.14:847][882]LogModuleManager: Shutting down and abandoning module DeviceManager (466)
[2018.11.11-06.46.14:847][882]LogModuleManager: Shutting down and abandoning module TargetDeviceServices (465)
[2018.11.11-06.46.14:901][882]LogModuleManager: Shutting down and abandoning module AutomationController (462)
[2018.11.11-06.46.14:901][882]LogModuleManager: Shutting down and abandoning module AutomationWindow (460)
[2018.11.11-06.46.14:901][882]LogModuleManager: Shutting down and abandoning module Layers (458)
[2018.11.11-06.46.14:901][882]LogModuleManager: Shutting down and abandoning module ComponentVisualizers (456)
[2018.11.11-06.46.14:901][882]LogModuleManager: Shutting down and abandoning module DetailCustomizations (454)
[2018.11.11-06.46.14:901][882]LogModuleManager: Shutting down and abandoning module PackagesDialog (452)
[2018.11.11-06.46.14:901][882]LogModuleManager: Shutting down and abandoning module Persona (450)
[2018.11.11-06.46.14:901][882]LogModuleManager: Shutting down and abandoning module AdvancedPreviewScene (449)
[2018.11.11-06.46.14:902][882]LogModuleManager: Shutting down and abandoning module AnimGraph (447)
[2018.11.11-06.46.14:902][882]LogModuleManager: Shutting down and abandoning module Kismet (444)
[2018.11.11-06.46.14:902][882]LogModuleManager: Shutting down and abandoning module GraphEditor (442)
[2018.11.11-06.46.14:902][882]LogModuleManager: Shutting down and abandoning module ClassViewer (440)
[2018.11.11-06.46.14:902][882]LogModuleManager: Shutting down and abandoning module Toolbox (438)
[2018.11.11-06.46.14:902][882]LogModuleManager: Shutting down and abandoning module ModuleUI (436)
[2018.11.11-06.46.14:902][882]LogModuleManager: Shutting down and abandoning module MovieSceneTools (434)
[2018.11.11-06.46.14:903][882]LogModuleManager: Shutting down and abandoning module OutputLog (432)
[2018.11.11-06.46.14:903][882]LogModuleManager: Shutting down and abandoning module GammaUI (430)
[2018.11.11-06.46.14:903][882]LogModuleManager: Shutting down and abandoning module Documentation (428)
[2018.11.11-06.46.14:903][882]LogModuleManager: Shutting down and abandoning module MovieSceneTracks (426)
[2018.11.11-06.46.14:903][882]LogModuleManager: Shutting down and abandoning module MovieScene (424)
[2018.11.11-06.46.14:903][882]LogModuleManager: Shutting down and abandoning module StreamingPauseRendering (422)
[2018.11.11-06.46.14:903][882]LogModuleManager: Shutting down and abandoning module LauncherPlatform (420)
[2018.11.11-06.46.14:903][882]LogModuleManager: Shutting down and abandoning module AnalyticsET (418)
[2018.11.11-06.46.14:903][882]LogModuleManager: Shutting down and abandoning module PortalServices (416)
[2018.11.11-06.46.14:903][882]LogModuleManager: Shutting down and abandoning module PortalRpc (414)
[2018.11.11-06.46.14:903][882]LogModuleManager: Shutting down and abandoning module MessagingRpc (412)
[2018.11.11-06.46.14:903][882]LogModuleManager: Shutting down and abandoning module AIModule (410)
[2018.11.11-06.46.14:903][882]LogModuleManager: Shutting down and abandoning module GameplayDebugger (409)
[2018.11.11-06.46.14:903][882]LogModuleManager: Shutting down and abandoning module AITestSuite (407)
[2018.11.11-06.46.14:903][882]LogModuleManager: Shutting down and abandoning module NavigationSystem (405)
[2018.11.11-06.46.14:903][882]LogModuleManager: Shutting down and abandoning module DesktopPlatform (402)
[2018.11.11-06.46.14:903][882]LogModuleManager: Shutting down and abandoning module ProfilerService (400)
[2018.11.11-06.46.14:989][882]LogModuleManager: Shutting down and abandoning module TaskGraph (398)
[2018.11.11-06.46.14:989][882]LogModuleManager: Shutting down and abandoning module SteamVRController (396)
[2018.11.11-06.46.14:989][882]LogModuleManager: Shutting down and abandoning module ProceduralMeshComponentEditor (394)
[2018.11.11-06.46.14:989][882]LogModuleManager: Shutting down and abandoning module ProceduralMeshComponent (392)
[2018.11.11-06.46.14:989][882]LogModuleManager: Shutting down and abandoning module OculusInput (390)
[2018.11.11-06.46.14:989][882]LogModuleManager: Shutting down and abandoning module MobilePatchingUtils (388)
[2018.11.11-06.46.14:989][882]LogModuleManager: Shutting down and abandoning module EditableMesh (386)
[2018.11.11-06.46.14:989][882]LogModuleManager: Shutting down and abandoning module CustomMeshComponent (384)
[2018.11.11-06.46.14:989][882]LogModuleManager: Shutting down and abandoning module CableComponent (382)
[2018.11.11-06.46.14:989][882]LogModuleManager: Shutting down and abandoning module AudioCapture (380)
[2018.11.11-06.46.14:989][882]LogModuleManager: Shutting down and abandoning module ArchVisCharacter (378)
[2018.11.11-06.46.14:990][882]LogModuleManager: Shutting down and abandoning module AndroidPermission (376)
[2018.11.11-06.46.14:990][882]LogModuleManager: Shutting down and abandoning module NUTUnrealEngine4 (374)
[2018.11.11-06.46.14:990][882]LogModuleManager: Shutting down and abandoning module NetcodeUnitTest (372)
[2018.11.11-06.46.14:990][882]LogModuleManager: Shutting down and abandoning module MediaCompositingEditor (370)
[2018.11.11-06.46.14:990][882]LogModuleManager: Shutting down and abandoning module MediaCompositing (368)
[2018.11.11-06.46.14:990][882]LogModuleManager: Shutting down and abandoning module LinearTimecode (366)
[2018.11.11-06.46.14:990][882]LogModuleManager: Shutting down and abandoning module ImgMedia (364)
[2018.11.11-06.46.14:994][882]LogModuleManager: Shutting down and abandoning module HTML5Networking (362)
[2018.11.11-06.46.14:994][882]LogModuleManager: Shutting down and abandoning module GeometryCacheTracks (360)
[2018.11.11-06.46.14:994][882]LogModuleManager: Shutting down and abandoning module GeometryCacheSequencer (358)
[2018.11.11-06.46.14:994][882]LogModuleManager: Shutting down and abandoning module BackChannel (356)
[2018.11.11-06.46.14:994][882]LogModuleManager: Shutting down and abandoning module AppleVision (354)
[2018.11.11-06.46.14:994][882]LogModuleManager: Shutting down and abandoning module AppleImageUtils (352)
[2018.11.11-06.46.14:994][882]LogModuleManager: Shutting down and abandoning module AlembicImporter (350)
[2018.11.11-06.46.14:994][882]LogModuleManager: Shutting down and abandoning module AlembicLibrary (349)
[2018.11.11-06.46.14:994][882]LogModuleManager: Shutting down and abandoning module GeometryCache (348)
[2018.11.11-06.46.14:994][882]LogModuleManager: Shutting down and abandoning module GeometryCacheEd (347)
[2018.11.11-06.46.14:994][882]LogModuleManager: Shutting down and abandoning module DatasmithContentEditor (342)
[2018.11.11-06.46.14:994][882]LogModuleManager: Shutting down and abandoning module DatasmithContent (340)
[2018.11.11-06.46.14:994][882]LogModuleManager: Shutting down and abandoning module SpeedTreeImporter (338)
[2018.11.11-06.46.14:994][882]LogModuleManager: Shutting down and abandoning module PluginBrowser (336)
[2018.11.11-06.46.14:995][882]LogModuleManager: Shutting down and abandoning module MobileLauncherProfileWizard (334)
[2018.11.11-06.46.14:995][882]LogModuleManager: Shutting down and abandoning module PolygonModeling (332)
[2018.11.11-06.46.14:995][882]LogModuleManager: Shutting down and abandoning module MeshEditor (330)
[2018.11.11-06.46.14:995][882]LogModuleManager: Shutting down and abandoning module CryptoKeysOpenSSL (328)
[2018.11.11-06.46.14:995][882]LogModuleManager: Shutting down and abandoning module CryptoKeys (326)
[2018.11.11-06.46.14:995][882]LogModuleManager: Shutting down and abandoning module VisualStudioSourceCodeAccess (324)
[2018.11.11-06.46.14:995][882]LogModuleManager: Shutting down and abandoning module VisualStudioCodeSourceCodeAccess (322)
[2018.11.11-06.46.14:995][882]LogModuleManager: Shutting down and abandoning module UObjectPlugin (320)
[2018.11.11-06.46.14:995][882]LogModuleManager: Shutting down and abandoning module SubversionSourceControl (318)
[2018.11.11-06.46.14:995][882]LogModuleManager: Shutting down and abandoning module PerforceSourceControl (316)
[2018.11.11-06.46.14:995][882]LogModuleManager: Shutting down and abandoning module GitSourceControl (314)
[2018.11.11-06.46.14:995][882]LogModuleManager: Shutting down and abandoning module SourceControl (313)
[2018.11.11-06.46.14:995][882]LogModuleManager: Shutting down and abandoning module CLionSourceCodeAccess (310)
[2018.11.11-06.46.14:995][882]LogModuleManager: Shutting down and abandoning module LightPropagationVolumeEditor (308)
[2018.11.11-06.46.14:995][882]LogModuleManager: Shutting down and abandoning module PaperTiledImporter (306)
[2018.11.11-06.46.14:995][882]LogModuleManager: Shutting down and abandoning module PaperSpriteSheetImporter (304)
[2018.11.11-06.46.14:995][882]LogModuleManager: Shutting down and abandoning module Paper2DEditor (302)
[2018.11.11-06.46.14:995][882]LogModuleManager: Shutting down and abandoning module MeshPaint (301)
[2018.11.11-06.46.14:995][882]LogModuleManager: Shutting down and abandoning module RuntimePhysXCooking (298)
[2018.11.11-06.46.14:995][882]LogModuleManager: Shutting down and abandoning module PhysXVehiclesEditor (296)
[2018.11.11-06.46.14:995][882]LogModuleManager: Shutting down and abandoning module PhysXVehicles (294)
[2018.11.11-06.46.14:995][882]LogModuleManager: Shutting down and abandoning module OculusEditor (292)
[2018.11.11-06.46.14:995][882]LogModuleManager: Shutting down and abandoning module LocationServicesBPLibrary (290)
[2018.11.11-06.46.14:995][882]LogModuleManager: Shutting down and abandoning module ImmediatePhysicsEditor (288)
[2018.11.11-06.46.14:995][882]LogModuleManager: Shutting down and abandoning module ImmediatePhysics (286)
[2018.11.11-06.46.14:995][882]LogModuleManager: Shutting down and abandoning module ActorSequence (284)
[2018.11.11-06.46.14:995][882]LogModuleManager: Shutting down and abandoning module UdpMessaging (282)
[2018.11.11-06.46.15:097][882]LogModuleManager: Shutting down and abandoning module TcpMessaging (280)
[2018.11.11-06.46.15:197][882]LogModuleManager: Shutting down and abandoning module MagicLeapAudio (278)
[2018.11.11-06.46.15:197][882]LogModuleManager: Shutting down and abandoning module GameplayTagsEditor (276)
[2018.11.11-06.46.15:197][882]LogModuleManager: Shutting down and abandoning module FacialAnimationEditor (274)
[2018.11.11-06.46.15:197][882]LogModuleManager: Shutting down and abandoning module FacialAnimation (272)
[2018.11.11-06.46.15:197][882]LogModuleManager: Shutting down and abandoning module DataValidation (270)
[2018.11.11-06.46.15:197][882]LogModuleManager: Shutting down and abandoning module AssetManagerEditor (268)
[2018.11.11-06.46.15:197][882]LogModuleManager: Shutting down and abandoning module LevelEditor (267)
[2018.11.11-06.46.15:198][882]LogModuleManager: Shutting down and abandoning module PixelInspectorModule (266)
[2018.11.11-06.46.15:198][882]LogModuleManager: Shutting down and abandoning module CommonMenuExtensions (264)
[2018.11.11-06.46.15:198][882]LogModuleManager: Shutting down and abandoning module MainFrame (262)
[2018.11.11-06.46.15:198][882]LogModuleManager: Shutting down and abandoning module HotReload (261)
[2018.11.11-06.46.15:198][882]LogModuleManager: Shutting down and abandoning module ContentBrowser (257)
[2018.11.11-06.46.15:199][882]LogModuleManager: Shutting down and abandoning module TreeMap (255)
[2018.11.11-06.46.15:199][882]LogModuleManager: Shutting down and abandoning module LightPropagationVolumeRuntime (252)
[2018.11.11-06.46.15:199][882]LogModuleManager: Shutting down and abandoning module AISupportModule (250)
[2018.11.11-06.46.15:199][882]LogModuleManager: Shutting down and abandoning module Paper2D (248)
[2018.11.11-06.46.15:199][882]LogModuleManager: Shutting down and abandoning module WindowsMoviePlayer (246)
[2018.11.11-06.46.15:199][882]LogModuleManager: Shutting down and abandoning module WmfMedia (244)
[2018.11.11-06.46.15:201][882]LogModuleManager: Shutting down and abandoning module Media (243)
[2018.11.11-06.46.15:207][882]LogModuleManager: Shutting down and abandoning module PacketHandler (240)
[2018.11.11-06.46.15:207][882]LogModuleManager: Shutting down and abandoning module ClothingSystemEditor (238)
[2018.11.11-06.46.15:207][882]LogModuleManager: Shutting down and abandoning module ClothingSystemRuntime (236)
[2018.11.11-06.46.15:207][882]LogModuleManager: Shutting down and abandoning module MediaAssets (234)
[2018.11.11-06.46.15:207][882]LogModuleManager: Shutting down and abandoning module Overlay (232)
[2018.11.11-06.46.15:207][882]LogModuleManager: Shutting down and abandoning module OverlayEditor (231)
[2018.11.11-06.46.15:207][882]LogModuleManager: Shutting down and abandoning module VREditor (228)
[2018.11.11-06.46.15:208][882]LogModuleManager: Shutting down and abandoning module StringTableEditor (226)
[2018.11.11-06.46.15:208][882]LogModuleManager: Shutting down and abandoning module GameplayTasksEditor (224)
[2018.11.11-06.46.15:208][882]LogModuleManager: Shutting down and abandoning module BehaviorTreeEditor (222)
[2018.11.11-06.46.15:208][882]LogModuleManager: Shutting down and abandoning module FunctionalTesting (220)
[2018.11.11-06.46.15:208][882]LogModuleManager: Shutting down and abandoning module CollisionAnalyzer (218)
[2018.11.11-06.46.15:208][882]LogModuleManager: Shutting down and abandoning module WorkspaceMenuStructure (217)
[2018.11.11-06.46.15:208][882]LogModuleManager: Shutting down and abandoning module UMG (214)
[2018.11.11-06.46.15:208][882]LogModuleManager: Shutting down and abandoning module UMGEditor (213)
[2018.11.11-06.46.15:208][882]LogModuleManager: Shutting down and abandoning module Sequencer (212)
[2018.11.11-06.46.15:208][882]LogModuleManager: Shutting down and abandoning module MessageLog (209)
[2018.11.11-06.46.15:208][882]LogModuleManager: Shutting down and abandoning module SlateReflector (204)
[2018.11.11-06.46.15:208][882]LogModuleManager: Shutting down and abandoning module Slate (202)
[2018.11.11-06.46.15:208][882]LogModuleManager: Shutting down and abandoning module EditorStyle (200)
[2018.11.11-06.46.15:210][882]LogModuleManager: Shutting down and abandoning module MRMesh (198)
[2018.11.11-06.46.15:210][882]LogModuleManager: Shutting down and abandoning module SourceCodeAccess (196)
[2018.11.11-06.46.15:211][882]LogModuleManager: Shutting down and abandoning module HeadMountedDisplay (194)
[2018.11.11-06.46.15:211][882]LogModuleManager: Shutting down and abandoning module XAudio2 (192)
[2018.11.11-06.46.15:211][882]LogModuleManager: Shutting down and abandoning module Networking (190)
[2018.11.11-06.46.15:211][882]LogModuleManager: Shutting down and abandoning module Core (188)
[2018.11.11-06.46.15:211][882]LogModuleManager: Shutting down and abandoning module LevelSequence (186)
[2018.11.11-06.46.15:211][882]LogModuleManager: Shutting down and abandoning module KismetCompiler (184)
[2018.11.11-06.46.15:211][882]LogModuleManager: Shutting down and abandoning module MeshUtilities (182)
[2018.11.11-06.46.15:211][882]LogModuleManager: Shutting down and abandoning module MeshMergeUtilities (181)
[2018.11.11-06.46.15:211][882]LogModuleManager: Shutting down and abandoning module MeshReductionInterface (180)
[2018.11.11-06.46.15:211][882]LogModuleManager: Shutting down and abandoning module SimplygonSwarm (179)
[2018.11.11-06.46.15:211][882]LogModuleManager: Shutting down and abandoning module ProxyLODMeshReduction (177)
[2018.11.11-06.46.15:211][882]LogModuleManager: Shutting down and abandoning module SimplygonMeshReduction (175)
[2018.11.11-06.46.15:211][882]LogModuleManager: Shutting down and abandoning module QuadricMeshReduction (173)
[2018.11.11-06.46.15:211][882]LogModuleManager: Shutting down and abandoning module MaterialBaking (169)
[2018.11.11-06.46.15:211][882]LogModuleManager: Shutting down and abandoning module DirectoryWatcher (165)
[2018.11.11-06.46.15:211][882]LogModuleManager: Shutting down and abandoning module DerivedDataCache (162)
[2018.11.11-06.46.15:284][882]LogDerivedDataCache: Shutdown
[2018.11.11-06.46.15:284][882]LogModuleManager: Shutting down and abandoning module XGEController (160)
[2018.11.11-06.46.15:285][882]LogModuleManager: Shutting down and abandoning module TargetPlatform (158)
[2018.11.11-06.46.15:285][882]LogModuleManager: Shutting down and abandoning module VulkanShaderFormat (157)
[2018.11.11-06.46.15:285][882]LogModuleManager: Shutting down and abandoning module ShaderFormatVectorVM (155)
[2018.11.11-06.46.15:285][882]LogModuleManager: Shutting down and abandoning module ShaderFormatOpenGL (153)
[2018.11.11-06.46.15:285][882]LogModuleManager: Shutting down and abandoning module ShaderFormatD3D (151)
[2018.11.11-06.46.15:285][882]LogModuleManager: Shutting down and abandoning module MetalShaderFormat (149)
[2018.11.11-06.46.15:285][882]LogModuleManager: Shutting down and abandoning module TextureFormatUncompressed (147)
[2018.11.11-06.46.15:285][882]LogModuleManager: Shutting down and abandoning module TextureFormatPVR (145)
[2018.11.11-06.46.15:285][882]LogModuleManager: Shutting down and abandoning module TextureFormatDXT (143)
[2018.11.11-06.46.15:285][882]LogModuleManager: Shutting down and abandoning module TextureFormatIntelISPCTexComp (141)
[2018.11.11-06.46.15:285][882]LogModuleManager: Shutting down and abandoning module TextureFormatASTC (139)
[2018.11.11-06.46.15:285][882]LogModuleManager: Shutting down and abandoning module ImageWrapper (138)
[2018.11.11-06.46.15:285][882]LogModuleManager: Shutting down and abandoning module TextureFormatAndroid (135)
[2018.11.11-06.46.15:285][882]LogModuleManager: Shutting down and abandoning module AudioFormatOpus (133)
[2018.11.11-06.46.15:285][882]LogModuleManager: Shutting down and abandoning module AudioFormatOgg (131)
[2018.11.11-06.46.15:285][882]LogModuleManager: Shutting down and abandoning module AudioFormatADPCM (129)
[2018.11.11-06.46.15:285][882]LogModuleManager: Shutting down and abandoning module LuminTargetPlatform (127)
[2018.11.11-06.46.15:285][882]LogModuleManager: Shutting down and abandoning module LinuxTargetPlatform (125)
[2018.11.11-06.46.15:285][882]LogModuleManager: Shutting down and abandoning module LinuxServerTargetPlatform (123)
[2018.11.11-06.46.15:285][882]LogModuleManager: Shutting down and abandoning module LinuxNoEditorTargetPlatform (121)
[2018.11.11-06.46.15:285][882]LogModuleManager: Shutting down and abandoning module LinuxClientTargetPlatform (119)
[2018.11.11-06.46.15:285][882]LogModuleManager: Shutting down and abandoning module TVOSTargetPlatform (117)
[2018.11.11-06.46.15:286][882]LogModuleManager: Shutting down and abandoning module Messaging (115)
[2018.11.11-06.46.15:286][882]LogModuleManager: Shutting down and abandoning module IOSTargetPlatform (113)
[2018.11.11-06.46.15:287][882]LogModuleManager: Shutting down and abandoning module HTML5TargetPlatform (111)
[2018.11.11-06.46.15:287][882]LogModuleManager: Shutting down and abandoning module AndroidTargetPlatform (109)
[2018.11.11-06.46.15:293][882]LogModuleManager: Shutting down and abandoning module WindowsTargetPlatform (107)
[2018.11.11-06.46.15:293][882]LogModuleManager: Shutting down and abandoning module WindowsServerTargetPlatform (105)
[2018.11.11-06.46.15:293][882]LogModuleManager: Shutting down and abandoning module WindowsNoEditorTargetPlatform (103)
[2018.11.11-06.46.15:293][882]LogModuleManager: Shutting down and abandoning module WindowsClientTargetPlatform (101)
[2018.11.11-06.46.15:293][882]LogModuleManager: Shutting down and abandoning module MacTargetPlatform (99)
[2018.11.11-06.46.15:293][882]LogModuleManager: Shutting down and abandoning module MacServerTargetPlatform (97)
[2018.11.11-06.46.15:293][882]LogModuleManager: Shutting down and abandoning module MacNoEditorTargetPlatform (95)
[2018.11.11-06.46.15:293][882]LogModuleManager: Shutting down and abandoning module MacClientTargetPlatform (93)
[2018.11.11-06.46.15:293][882]LogModuleManager: Shutting down and abandoning module AllDesktopTargetPlatform (91)
[2018.11.11-06.46.15:293][882]LogModuleManager: Shutting down and abandoning module InputCore (88)
[2018.11.11-06.46.15:293][882]LogModuleManager: Shutting down and abandoning module Settings (86)
[2018.11.11-06.46.15:293][882]LogModuleManager: Shutting down and abandoning module PhysXCooking (84)
[2018.11.11-06.46.15:293][882]LogModuleManager: Shutting down and abandoning module SteamVR (82)
[2018.11.11-06.46.15:293][882]LogModuleManager: Shutting down and abandoning module OculusHMD (80)
[2018.11.11-06.46.15:293][882]LogModuleManager: Shutting down and abandoning module ExampleDeviceProfileSelector (78)
[2018.11.11-06.46.15:294][882]LogModuleManager: Shutting down and abandoning module LauncherChunkInstaller (76)
[2018.11.11-06.46.15:294][882]LogModuleManager: Shutting down and abandoning module OnlineBlueprintSupport (74)
[2018.11.11-06.46.15:294][882]LogModuleManager: Shutting down and abandoning module OnlineSubsystem (70)
[2018.11.11-06.46.15:294][882]LogModuleManager: Shutting down and abandoning module XMPP (65)
[2018.11.11-06.46.15:294][882]LogModuleManager: Shutting down and abandoning module WebSockets (64)
[2018.11.11-06.46.15:296][882]LogModuleManager: Shutting down and abandoning module HTTP (61)
[2018.11.11-06.46.15:297][882]LogHttp: Display: Http module shutting down, but needs to wait on 1 outstanding Http requests:
[2018.11.11-06.46.15:297][882]LogHttp: Display: 	verb=[POST] url=[https://datarouter.ol.epicgames.com/datarouter/api/v1/public/data?SessionID=%7B4CCF671B-4DED-7E81-C150-FEBDEE017D7E%7D&AppID=UEEditor.Rocket.Release&AppVersion=4.20.3-4369336%2B%2B%2BUE4%2BRelease-4.20&UserID=e62435ed49cc52c31b37498c57314040%7C6c94f4a893b043beaa454949bfc4203a%7Cf39a362b-f1ba-4827-8dc6-b1b81900dceb&AppEnvironment=datacollector-binary&UploadType=eteventstream] status=Processing
[2018.11.11-06.46.15:303][882]LogModuleManager: Shutting down and abandoning module SSL (60)
[2018.11.11-06.46.15:304][882]LogModuleManager: Shutting down and abandoning module MagicLeapEmulator (56)
[2018.11.11-06.46.15:304][882]LogModuleManager: Shutting down and abandoning module MagicLeapPrivileges (54)
[2018.11.11-06.46.15:304][882]LogModuleManager: Shutting down and abandoning module MagicLeapIdentity (52)
[2018.11.11-06.46.15:304][882]LogModuleManager: Shutting down and abandoning module MagicLeapHelperVulkan (50)
[2018.11.11-06.46.15:304][882]LogModuleManager: Shutting down and abandoning module MagicLeapHelperOpenGL (48)
[2018.11.11-06.46.15:304][882]LogModuleManager: Shutting down and abandoning module MagicLeapSecureStorage (46)
[2018.11.11-06.46.15:304][882]LogModuleManager: Shutting down and abandoning module MagicLeapGestures (44)
[2018.11.11-06.46.15:304][882]LogModuleManager: Shutting down and abandoning module MagicLeapEyeTracker (42)
[2018.11.11-06.46.15:304][882]LogModuleManager: Shutting down and abandoning module MagicLeapController (40)
[2018.11.11-06.46.15:304][882]LogSlate: Slate User Destroyed.  User Index 0, Is Virtual User: 0
[2018.11.11-06.46.15:304][882]LogModuleManager: Shutting down and abandoning module MagicLeap (38)
[2018.11.11-06.46.15:304][882]LogModuleManager: Shutting down and abandoning module AnimationModifiers (36)
[2018.11.11-06.46.15:305][882]LogModuleManager: Shutting down and abandoning module PropertyEditor (35)
[2018.11.11-06.46.15:305][882]LogModuleManager: Shutting down and abandoning module AudioEditor (32)
[2018.11.11-06.46.15:305][882]LogModuleManager: Shutting down and abandoning module TextureCompressor (30)
[2018.11.11-06.46.15:305][882]LogModuleManager: Shutting down and abandoning module ShaderCore (28)
[2018.11.11-06.46.15:305][882]LogModuleManager: Shutting down and abandoning module Landscape (26)
[2018.11.11-06.46.15:305][882]LogModuleManager: Shutting down and abandoning module SlateRHIRenderer (24)
[2018.11.11-06.46.15:306][882]LogModuleManager: Shutting down and abandoning module OpenGLDrv (22)
[2018.11.11-06.46.15:306][882]LogModuleManager: Shutting down and abandoning module D3D11RHI (20)
[2018.11.11-06.46.15:306][882]LogModuleManager: Shutting down and abandoning module AnimGraphRuntime (18)
[2018.11.11-06.46.15:306][882]LogModuleManager: Shutting down and abandoning module Renderer (16)
[2018.11.11-06.46.15:306][882]LogModuleManager: Shutting down and abandoning module Engine (14)
[2018.11.11-06.46.15:306][882]LogModuleManager: Shutting down and abandoning module CoreUObject (12)
[2018.11.11-06.46.15:306][882]LogModuleManager: Shutting down and abandoning module NetworkFile (10)
[2018.11.11-06.46.15:306][882]LogModuleManager: Shutting down and abandoning module CookedIterativeFile (8)
[2018.11.11-06.46.15:306][882]LogModuleManager: Shutting down and abandoning module StreamingFile (6)
[2018.11.11-06.46.15:306][882]LogModuleManager: Shutting down and abandoning module SandboxFile (4)
[2018.11.11-06.46.15:306][882]LogModuleManager: Shutting down and abandoning module PakFile (2)
[2018.11.11-06.46.15:313][882]LogExit: Exiting.
[2018.11.11-06.46.15:316][882]Log file closed, 11/10/18 23:46:15
